<?xml version="1.0" encoding="UTF-8"?>
<robot generator="Robot 7.1.1 (Python 3.13.0 on win32)" generated="2025-09-06T21:13:49.619002" rpa="false" schemaversion="5">
<suite id="s1" name="TC18 Data PreApprovalComment" source="C:\test2\it\Project_Test_AcademicService\TC18_ApprovedProposal\TC18_Data_PreApprovalComment.robot">
<kw name="Connect To Database" owner="DatabaseLibrary" type="SETUP">
<msg time="2025-09-06T21:13:50.710612" level="INFO">Looking for configuration file: 'resources\db.cfg'</msg>
<msg time="2025-09-06T21:13:50.710756" level="INFO">Configuration file doesn't exist</msg>
<msg time="2025-09-06T21:13:50.752277" level="INFO">Connect to DB using : pymysql.connect(db='db_academic_services', user='root', passwd=***, host='127.0.0.1', port=3307, charset='utf8mb4')</msg>
<arg>${DB_TYPE}</arg>
<arg>${DB_NAME}</arg>
<arg>${DB_USER}</arg>
<arg>${DB_PASS}</arg>
<arg>${DB_HOST}</arg>
<arg>${DB_PORT}</arg>
<doc>Creates a database connection using the DB API 2.0 ``db_module`` and the parameters provided.
Along with listed commonly used arguments (`db_name`, `db_host` etc.)
you can set any other DB module specific parameters as key/value pairs.</doc>
<status status="PASS" start="2025-09-06T21:13:50.709734" elapsed="0.105662"/>
</kw>
<test id="s1-t1" name="TC18: 18_Data_PreApprovalComment" line="33">
<kw name="Set Selenium Speed" owner="SeleniumLibrary" type="SETUP">
<arg>2.5</arg>
<doc>Sets the delay that is waited after each Selenium command.</doc>
<status status="PASS" start="2025-09-06T21:13:50.820748" elapsed="0.000358"/>
</kw>
<kw name="Go To Academic_Services" owner="KeywordTC18_PreApprovalComment">
<kw name="Open Excel Document" owner="ExcelLibrary">
<arg>${datatable}</arg>
<arg>TC18-EC</arg>
<doc>Opens xlsx document file.</doc>
<status status="PASS" start="2025-09-06T21:13:50.822161" elapsed="0.026080"/>
</kw>
<kw name="Open Browser" owner="SeleniumLibrary">
<msg time="2025-09-06T21:13:50.849067" level="INFO">Opening browser 'Chrome' to base url 'http://localhost:8080/Academic_Services'.</msg>
<arg>${URL}</arg>
<arg>${BROWSER}</arg>
<doc>Opens a new browser instance to the optional ``url``.</doc>
<status status="PASS" start="2025-09-06T21:13:50.848731" elapsed="7.839190"/>
</kw>
<kw name="Maximize Browser Window" owner="SeleniumLibrary">
<doc>Maximizes current browser window.</doc>
<status status="PASS" start="2025-09-06T21:13:58.695845" elapsed="2.827290"/>
</kw>
<arg>${datatable}</arg>
<status status="PASS" start="2025-09-06T21:13:50.821714" elapsed="10.702235"/>
</kw>
<for flavor="IN RANGE">
<iter>
<kw name="Run PreApprovalComment" owner="KeywordTC18_PreApprovalComment">
<kw name="Read Excel Cell" owner="ExcelLibrary">
<msg time="2025-09-06T21:14:01.528490" level="INFO">${ALLOW} = Y</msg>
<var>${ALLOW}</var>
<arg>${row}</arg>
<arg>8</arg>
<doc>Returns content of a cell.</doc>
<status status="PASS" start="2025-09-06T21:14:01.527934" elapsed="0.000633"/>
</kw>
<kw name="Evaluate" owner="BuiltIn">
<msg time="2025-09-06T21:14:01.535824" level="INFO">${ALLOW} = Y</msg>
<var>${ALLOW}</var>
<arg>'' if $ALLOW in ['None', '', None] else $ALLOW.strip()</arg>
<doc>Evaluates the given expression in Python and returns the result.</doc>
<status status="PASS" start="2025-09-06T21:14:01.534188" elapsed="0.001710"/>
</kw>
<kw name="Log To Console" owner="BuiltIn">
<arg>Row ${row} - Allow: ${ALLOW}</arg>
<doc>Logs the given message to the console.</doc>
<status status="PASS" start="2025-09-06T21:14:01.539582" elapsed="0.006376"/>
</kw>
<kw name="Run Keyword If" owner="BuiltIn">
<kw name="Run Keywords" owner="BuiltIn">
<kw name="Setup Speed" owner="KeywordTC18_PreApprovalComment">
<kw name="Set Selenium Speed" owner="SeleniumLibrary">
<arg>0.2</arg>
<doc>Sets the delay that is waited after each Selenium command.</doc>
<status status="PASS" start="2025-09-06T21:14:01.549553" elapsed="0.000733"/>
</kw>
<status status="PASS" start="2025-09-06T21:14:01.548724" elapsed="0.002364"/>
</kw>
<kw name="Login As Lecturer" owner="KeywordTC18_PreApprovalComment">
<kw name="Click Element" owner="SeleniumLibrary">
<msg time="2025-09-06T21:14:01.553301" level="INFO">Clicking element '//button[contains(text(),'เข้าสู่ระบบ')]'.</msg>
<arg>//button[contains(text(),'เข้าสู่ระบบ')]</arg>
<doc>Click the element identified by ``locator``.</doc>
<status status="PASS" start="2025-09-06T21:14:01.552328" elapsed="0.747975"/>
</kw>
<kw name="Click Element" owner="SeleniumLibrary">
<msg time="2025-09-06T21:14:02.319573" level="INFO">Clicking element '//a[contains(text(),'เข้าสู่ระบบสำหรับอาจารย์')]'.</msg>
<arg>//a[contains(text(),'เข้าสู่ระบบสำหรับอาจารย์')]</arg>
<doc>Click the element identified by ``locator``.</doc>
<status status="PASS" start="2025-09-06T21:14:02.319011" elapsed="2.112860"/>
</kw>
<kw name="Input Text" owner="SeleniumLibrary">
<msg time="2025-09-06T21:14:04.458425" level="INFO">Typing text 'sayan@gmaejo.mju.ac.th' into text field '//input[@id='lecname']'.</msg>
<arg>//input[@id='lecname']</arg>
<arg>sayan@gmaejo.mju.ac.th</arg>
<doc>Types the given ``text`` into the text field identified by ``locator``.</doc>
<status status="PASS" start="2025-09-06T21:14:04.458000" elapsed="1.240956"/>
</kw>
<kw name="Input Text" owner="SeleniumLibrary">
<msg time="2025-09-06T21:14:05.745240" level="INFO">Typing text 'itscimju' into text field '//input[@id='lecpwd']'.</msg>
<arg>//input[@id='lecpwd']</arg>
<arg>itscimju</arg>
<doc>Types the given ``text`` into the text field identified by ``locator``.</doc>
<status status="PASS" start="2025-09-06T21:14:05.744825" elapsed="0.791308"/>
</kw>
<kw name="Click Button" owner="SeleniumLibrary">
<msg time="2025-09-06T21:14:06.591868" level="INFO">Clicking button '//body/form[1]/input[3]'.</msg>
<arg>//body/form[1]/input[3]</arg>
<doc>Clicks the button identified by ``locator``.</doc>
<status status="PASS" start="2025-09-06T21:14:06.591394" elapsed="1.356661"/>
</kw>
<kw name="Handle Alert" owner="SeleniumLibrary">
<msg time="2025-09-06T21:14:08.008736" level="INFO">HANDLE::&lt;class 'NoneType'&gt;::None</msg>
<arg>ACCEPT</arg>
<doc>Handles the current alert and returns its message.</doc>
<status status="PASS" start="2025-09-06T21:14:08.001262" elapsed="0.739570"/>
</kw>
<status status="PASS" start="2025-09-06T21:14:01.551824" elapsed="7.274653"/>
</kw>
<kw name="Go To Approved Proposal" owner="KeywordTC18_PreApprovalComment">
<kw name="Click Element" owner="SeleniumLibrary">
<msg time="2025-09-06T21:14:08.833604" level="INFO">Clicking element '//body/div[1]/div[1]/div[3]/a[1]'.</msg>
<arg>//body/div[1]/div[1]/div[3]/a[1]</arg>
<doc>Click the element identified by ``locator``.</doc>
<status status="PASS" start="2025-09-06T21:14:08.828115" elapsed="9.979770"/>
</kw>
<kw name="Click Element" owner="SeleniumLibrary">
<msg time="2025-09-06T21:14:18.813844" level="INFO">Clicking element '//tbody/tr[2+1]/td[9]/a[1]'.</msg>
<arg>//tbody/tr[${i}+1]/td[9]/a[1]</arg>
<doc>Click the element identified by ``locator``.</doc>
<status status="PASS" start="2025-09-06T21:14:18.813381" elapsed="1.059263"/>
</kw>
<kw name="Sleep" owner="BuiltIn">
<msg time="2025-09-06T21:14:21.881920" level="INFO">Slept 2 seconds.</msg>
<arg>2s</arg>
<doc>Pauses the test executed for the given time.</doc>
<status status="PASS" start="2025-09-06T21:14:19.879628" elapsed="2.002505"/>
</kw>
<arg>${row}</arg>
<status status="PASS" start="2025-09-06T21:14:08.827115" elapsed="13.057568"/>
</kw>
<kw name="Fill Comment Form" owner="KeywordTC18_PreApprovalComment">
<kw name="Read Excel Cell" owner="ExcelLibrary">
<msg time="2025-09-06T21:14:21.886823" level="INFO">${PreApprovalComments} = เอกสารยังไม่สมบูรณ์ โปรดแนบเอกสารเพิ่มเติม The #document is not complete. Please attach additional documents.!</msg>
<var>${PreApprovalComments}</var>
<arg>${i}</arg>
<arg>2</arg>
<doc>Returns content of a cell.</doc>
<status status="PASS" start="2025-09-06T21:14:21.885583" elapsed="0.001303"/>
</kw>
<kw name="Evaluate" owner="BuiltIn">
<msg time="2025-09-06T21:14:21.890663" level="INFO">${PreApprovalComments} = เอกสารยังไม่สมบูรณ์ โปรดแนบเอกสารเพิ่มเติม The #document is not complete. Please attach additional documents.!</msg>
<var>${PreApprovalComments}</var>
<arg>'' if $PreApprovalComments in ['None', '', None] else $PreApprovalComments</arg>
<doc>Evaluates the given expression in Python and returns the result.</doc>
<status status="PASS" start="2025-09-06T21:14:21.890145" elapsed="0.000560"/>
</kw>
<kw name="Input Text" owner="SeleniumLibrary">
<msg time="2025-09-06T21:14:21.893601" level="INFO">Typing text 'เอกสารยังไม่สมบูรณ์ โปรดแนบเอกสารเพิ่มเติม The #document is not complete. Please attach additional documents.!' into text field 'css:#commentDetail'.</msg>
<arg>css:#commentDetail</arg>
<arg>${PreApprovalComments}</arg>
<doc>Types the given ``text`` into the text field identified by ``locator``.</doc>
<status status="PASS" start="2025-09-06T21:14:21.893265" elapsed="0.840674"/>
</kw>
<arg>${row}</arg>
<status status="PASS" start="2025-09-06T21:14:21.885127" elapsed="0.859131"/>
</kw>
<kw name="Click Approved Button" owner="KeywordTC18_PreApprovalComment">
<kw name="Read Excel Cell" owner="ExcelLibrary">
<msg time="2025-09-06T21:14:22.745873" level="INFO">${Action} = กดปุ่มอนุมัติ</msg>
<var>${Action}</var>
<arg>${i}</arg>
<arg>3</arg>
<doc>Returns content of a cell.</doc>
<status status="PASS" start="2025-09-06T21:14:22.745563" elapsed="0.000361"/>
</kw>
<kw name="Run Keyword If" owner="BuiltIn">
<arg>'${Action}' == 'กดปุ่มอนุมัติแต่มีแก้ไข'</arg>
<arg>Run Keyword And Ignore Error</arg>
<arg>Click Element</arg>
<arg>//button[contains(text(),'อนุมัติแต่มีแก้ไข')]</arg>
<doc>Runs the given keyword with the given arguments, if ``condition`` is true.</doc>
<status status="PASS" start="2025-09-06T21:14:22.751307" elapsed="0.000690"/>
</kw>
<kw name="Run Keyword If" owner="BuiltIn">
<kw name="Run Keyword And Ignore Error" owner="BuiltIn">
<kw name="Click Element" owner="SeleniumLibrary">
<msg time="2025-09-06T21:14:22.769815" level="INFO">Clicking element '//button [@class='approve-button']'.</msg>
<arg>//button [@class='approve-button']</arg>
<doc>Click the element identified by ``locator``.</doc>
<status status="PASS" start="2025-09-06T21:14:22.767183" elapsed="0.519024"/>
</kw>
<arg>Click Element</arg>
<arg>//button [@class='approve-button']</arg>
<doc>Runs the given keyword with the given arguments and ignores possible error.</doc>
<status status="PASS" start="2025-09-06T21:14:22.758715" elapsed="0.540388"/>
</kw>
<arg>'${Action}' == 'กดปุ่มอนุมัติ'</arg>
<arg>Run Keyword And Ignore Error</arg>
<arg>Click Element</arg>
<arg>//button [@class='approve-button']</arg>
<doc>Runs the given keyword with the given arguments, if ``condition`` is true.</doc>
<status status="PASS" start="2025-09-06T21:14:22.757667" elapsed="0.541895"/>
</kw>
<kw name="Sleep" owner="BuiltIn">
<msg time="2025-09-06T21:14:24.300615" level="INFO">Slept 1 second.</msg>
<arg>1s</arg>
<doc>Pauses the test executed for the given time.</doc>
<status status="PASS" start="2025-09-06T21:14:23.299930" elapsed="1.000889"/>
</kw>
<arg>${row}</arg>
<status status="PASS" start="2025-09-06T21:14:22.744712" elapsed="1.559505"/>
</kw>
<kw name="Handle Submission Result" owner="KeywordTC18_PreApprovalComment">
<kw name="Run Keyword And Ignore Error" owner="BuiltIn">
<kw name="Handle Alert" owner="SeleniumLibrary">
<msg time="2025-09-06T21:14:24.308231" level="INFO">HANDLE::&lt;class 'NoneType'&gt;::None</msg>
<msg time="2025-09-06T21:14:29.733655" level="INFO" html="true">&lt;/td&gt;&lt;/tr&gt;&lt;tr&gt;&lt;td colspan="3"&gt;&lt;a href="selenium-screenshot-90.png"&gt;&lt;img src="selenium-screenshot-90.png" width="800px"&gt;&lt;/a&gt;</msg>
<msg time="2025-09-06T21:14:29.742023" level="FAIL">Alert not found in 5 seconds.</msg>
<arg>ACCEPT</arg>
<doc>Handles the current alert and returns its message.</doc>
<status status="FAIL" start="2025-09-06T21:14:24.306132" elapsed="5.465919">Alert not found in 5 seconds.</status>
</kw>
<msg time="2025-09-06T21:14:29.776347" level="INFO">${alert_result} = ('FAIL', 'Alert not found in 5 seconds.')</msg>
<var>${alert_result}</var>
<arg>Handle Alert</arg>
<arg>ACCEPT</arg>
<doc>Runs the given keyword with the given arguments and ignores possible error.</doc>
<status status="PASS" start="2025-09-06T21:14:24.305895" elapsed="5.470492"/>
</kw>
<kw name="Log To Console" owner="BuiltIn">
<arg>Alert Status: ${alert_result[0]}</arg>
<doc>Logs the given message to the console.</doc>
<status status="PASS" start="2025-09-06T21:14:29.778953" elapsed="0.004757"/>
</kw>
<kw name="Log To Console" owner="BuiltIn">
<arg>Alert Text: ${alert_result[1]}</arg>
<doc>Logs the given message to the console.</doc>
<status status="PASS" start="2025-09-06T21:14:29.784026" elapsed="0.000604"/>
</kw>
<kw name="Set Test Variable" owner="BuiltIn">
<msg time="2025-09-06T21:14:29.785444" level="INFO">${alert_result} = ('FAIL', 'Alert not found in 5 seconds.')</msg>
<arg>${alert_result}</arg>
<doc>Makes a variable available everywhere within the scope of the current test.</doc>
<status status="PASS" start="2025-09-06T21:14:29.785042" elapsed="0.000450"/>
</kw>
<if>
<branch type="IF" condition="'${alert_result[0]}' == 'PASS'">
<kw name="Set Variable" owner="BuiltIn">
<var>${ActualMessage}</var>
<arg>${alert_result[1]}</arg>
<doc>Returns the given values which can then be assigned to a variables.</doc>
<status status="NOT RUN" start="2025-09-06T21:14:29.792897" elapsed="0.000190"/>
</kw>
<status status="NOT RUN" start="2025-09-06T21:14:29.790700" elapsed="0.002753"/>
</branch>
<branch type="ELSE">
<kw name="Set Variable" owner="BuiltIn">
<msg time="2025-09-06T21:14:29.795147" level="INFO">${ActualMessage} = AlertNotFound</msg>
<var>${ActualMessage}</var>
<arg>AlertNotFound</arg>
<doc>Returns the given values which can then be assigned to a variables.</doc>
<status status="PASS" start="2025-09-06T21:14:29.794887" elapsed="0.000291"/>
</kw>
<kw name="Capture Page Screenshot" owner="SeleniumLibrary">
<msg time="2025-09-06T21:14:30.163656" level="INFO" html="true">&lt;/td&gt;&lt;/tr&gt;&lt;tr&gt;&lt;td colspan="3"&gt;&lt;a href="TC18_ApprovedProposal/Screenshots_AlertNotFound/2_AlertNotFound.png"&gt;&lt;img src="TC18_ApprovedProposal/Screenshots_AlertNotFound/2_AlertNotFound.png" width="800px"&gt;&lt;/a&gt;</msg>
<arg>TC18_ApprovedProposal/Screenshots_AlertNotFound/${i}_AlertNotFound.png</arg>
<doc>Takes a screenshot of the current page and embeds it into a log file.</doc>
<status status="PASS" start="2025-09-06T21:14:29.797578" elapsed="0.366400"/>
</kw>
<kw name="Run Keyword And Ignore Error" owner="BuiltIn">
<kw name="Click Element" owner="SeleniumLibrary">
<msg time="2025-09-06T21:14:30.168037" level="INFO">Clicking element '//a[contains(text(),'กลับไปหน้าแรก')]'.</msg>
<msg time="2025-09-06T21:14:30.789498" level="INFO" html="true">&lt;/td&gt;&lt;/tr&gt;&lt;tr&gt;&lt;td colspan="3"&gt;&lt;a href="selenium-screenshot-91.png"&gt;&lt;img src="selenium-screenshot-91.png" width="800px"&gt;&lt;/a&gt;</msg>
<msg time="2025-09-06T21:14:30.789732" level="FAIL">Element with locator '//a[contains(text(),'กลับไปหน้าแรก')]' not found.</msg>
<arg>//a[contains(text(),'กลับไปหน้าแรก')]</arg>
<doc>Click the element identified by ``locator``.</doc>
<status status="FAIL" start="2025-09-06T21:14:30.167837" elapsed="0.640101">Element with locator '//a[contains(text(),'กลับไปหน้าแรก')]' not found.</status>
</kw>
<arg>Click Element</arg>
<arg>//a[contains(text(),'กลับไปหน้าแรก')]</arg>
<doc>Runs the given keyword with the given arguments and ignores possible error.</doc>
<status status="PASS" start="2025-09-06T21:14:30.167530" elapsed="0.652393"/>
</kw>
<status status="PASS" start="2025-09-06T21:14:29.793886" elapsed="1.026589"/>
</branch>
<status status="PASS" start="2025-09-06T21:14:29.789615" elapsed="1.031408"/>
</if>
<kw name="Set Test Variable" owner="BuiltIn">
<msg time="2025-09-06T21:14:30.825553" level="INFO">${ActualMessage} = AlertNotFound</msg>
<arg>${ActualMessage}</arg>
<doc>Makes a variable available everywhere within the scope of the current test.</doc>
<status status="PASS" start="2025-09-06T21:14:30.821448" elapsed="0.004419"/>
</kw>
<kw name="Sleep" owner="BuiltIn">
<msg time="2025-09-06T21:14:32.861654" level="INFO">Slept 2 seconds.</msg>
<arg>2</arg>
<doc>Pauses the test executed for the given time.</doc>
<status status="PASS" start="2025-09-06T21:14:30.851622" elapsed="2.010912"/>
</kw>
<arg>${row}</arg>
<status status="PASS" start="2025-09-06T21:14:24.305436" elapsed="8.576471"/>
</kw>
<kw name="Validate And Write Result" owner="KeywordTC18_PreApprovalComment">
<kw name="Read Excel Cell" owner="ExcelLibrary">
<msg time="2025-09-06T21:14:32.897277" level="INFO">${ExpectedResult} = กรอกความคิดเห็นสำเร็จ</msg>
<var>${ExpectedResult}</var>
<arg>${i}</arg>
<arg>4</arg>
<doc>Returns content of a cell.</doc>
<status status="PASS" start="2025-09-06T21:14:32.895022" elapsed="0.002388"/>
</kw>
<kw name="Evaluate" owner="BuiltIn">
<msg time="2025-09-06T21:14:32.909556" level="INFO">${ExpectedResult} = กรอกความคิดเห็นสำเร็จ</msg>
<var>${ExpectedResult}</var>
<arg>'''${ExpectedResult}'''.strip()</arg>
<doc>Evaluates the given expression in Python and returns the result.</doc>
<status status="PASS" start="2025-09-06T21:14:32.902057" elapsed="0.007760"/>
</kw>
<kw name="Evaluate" owner="BuiltIn">
<msg time="2025-09-06T21:14:32.927219" level="INFO">${ActualMessage} = AlertNotFound</msg>
<var>${ActualMessage}</var>
<arg>'''${ActualMessage}'''.strip()</arg>
<doc>Evaluates the given expression in Python and returns the result.</doc>
<status status="PASS" start="2025-09-06T21:14:32.919944" elapsed="0.008261"/>
</kw>
<kw name="Log To Console" owner="BuiltIn">
<arg>Expected Result: ${ExpectedResult}</arg>
<doc>Logs the given message to the console.</doc>
<status status="PASS" start="2025-09-06T21:14:32.941405" elapsed="0.015002"/>
</kw>
<kw name="Log To Console" owner="BuiltIn">
<arg>Actual Message: ${ActualMessage}</arg>
<doc>Logs the given message to the console.</doc>
<status status="PASS" start="2025-09-06T21:14:32.958396" elapsed="0.002026"/>
</kw>
<kw name="Write Excel Cell" owner="ExcelLibrary">
<arg>${i}</arg>
<arg>6</arg>
<arg>${ActualMessage}</arg>
<doc>Writes value to the cell.</doc>
<status status="PASS" start="2025-09-06T21:14:32.967055" elapsed="0.029467"/>
</kw>
<kw name="Run Keyword And Return Status" owner="BuiltIn">
<kw name="Should Be Equal As Strings" owner="BuiltIn">
<msg time="2025-09-06T21:14:33.045791" level="FAIL">กรอกความคิดเห็นสำเร็จ != AlertNotFound</msg>
<arg>${ExpectedResult}</arg>
<arg>${ActualMessage}</arg>
<doc>Fails if objects are unequal after converting them to strings.</doc>
<status status="FAIL" start="2025-09-06T21:14:33.006320" elapsed="0.040368">กรอกความคิดเห็นสำเร็จ != AlertNotFound</status>
</kw>
<msg time="2025-09-06T21:14:33.064614" level="INFO">${compare_result} = False</msg>
<var>${compare_result}</var>
<arg>Should Be Equal As Strings</arg>
<arg>${ExpectedResult}</arg>
<arg>${ActualMessage}</arg>
<doc>Runs the given keyword with given arguments and returns the status as a Boolean value.</doc>
<status status="PASS" start="2025-09-06T21:14:32.997223" elapsed="0.067485"/>
</kw>
<if>
<branch type="IF" condition="${compare_result}">
<kw name="Write Excel Cell" owner="ExcelLibrary">
<arg>${i}</arg>
<arg>7</arg>
<arg>PASS</arg>
<doc>Writes value to the cell.</doc>
<status status="NOT RUN" start="2025-09-06T21:14:33.094393" elapsed="0.000279"/>
</kw>
<kw name="Capture Page Screenshot" owner="SeleniumLibrary">
<arg>TC18_ApprovedProposal/Screenshots_Pass/${i}_Pass.png</arg>
<doc>Takes a screenshot of the current page and embeds it into a log file.</doc>
<status status="NOT RUN" start="2025-09-06T21:14:33.095591" elapsed="0.003538"/>
</kw>
<status status="NOT RUN" start="2025-09-06T21:14:33.080071" elapsed="0.019411"/>
</branch>
<branch type="ELSE">
<kw name="Write Excel Cell" owner="ExcelLibrary">
<arg>${i}</arg>
<arg>7</arg>
<arg>FAIL</arg>
<doc>Writes value to the cell.</doc>
<status status="PASS" start="2025-09-06T21:14:33.100392" elapsed="0.000451"/>
</kw>
<kw name="Capture Page Screenshot" owner="SeleniumLibrary">
<msg time="2025-09-06T21:14:33.541469" level="INFO" html="true">&lt;/td&gt;&lt;/tr&gt;&lt;tr&gt;&lt;td colspan="3"&gt;&lt;a href="TC18_ApprovedProposal/Screenshots_Fail/2_Fail.png"&gt;&lt;img src="TC18_ApprovedProposal/Screenshots_Fail/2_Fail.png" width="800px"&gt;&lt;/a&gt;</msg>
<arg>TC18_ApprovedProposal/Screenshots_Fail/${i}_Fail.png</arg>
<doc>Takes a screenshot of the current page and embeds it into a log file.</doc>
<status status="PASS" start="2025-09-06T21:14:33.101703" elapsed="0.439880"/>
</kw>
<status status="PASS" start="2025-09-06T21:14:33.099836" elapsed="0.488785"/>
</branch>
<status status="PASS" start="2025-09-06T21:14:33.080015" elapsed="0.508995"/>
</if>
<kw name="Run Keyword" owner="BuiltIn">
<kw name="Write Suggestion Based On Comparison" owner="KeywordTC18_PreApprovalComment">
<kw name="Evaluate" owner="BuiltIn">
<msg time="2025-09-06T21:14:33.616776" level="INFO">${ExpectedResult} = กรอกความคิดเห็นสำเร็จ</msg>
<var>${ExpectedResult}</var>
<arg>'''${ExpectedResult}'''.strip()</arg>
<doc>Evaluates the given expression in Python and returns the result.</doc>
<status status="PASS" start="2025-09-06T21:14:33.592528" elapsed="0.024647"/>
</kw>
<kw name="Evaluate" owner="BuiltIn">
<msg time="2025-09-06T21:14:33.622938" level="INFO">${ActualMessage} = AlertNotFound</msg>
<var>${ActualMessage}</var>
<arg>'''${ActualMessage}'''.strip()</arg>
<doc>Evaluates the given expression in Python and returns the result.</doc>
<status status="PASS" start="2025-09-06T21:14:33.622467" elapsed="0.000509"/>
</kw>
<kw name="Run Keyword And Return Status" owner="BuiltIn">
<kw name="Should Be Equal As Strings" owner="BuiltIn">
<msg time="2025-09-06T21:14:33.663835" level="FAIL">กรอกความคิดเห็นสำเร็จ != AlertNotFound</msg>
<arg>${ExpectedResult}</arg>
<arg>${ActualMessage}</arg>
<doc>Fails if objects are unequal after converting them to strings.</doc>
<status status="FAIL" start="2025-09-06T21:14:33.662792" elapsed="0.001226">กรอกความคิดเห็นสำเร็จ != AlertNotFound</status>
</kw>
<msg time="2025-09-06T21:14:33.693669" level="INFO">${is_match} = False</msg>
<var>${is_match}</var>
<arg>Should Be Equal As Strings</arg>
<arg>${ExpectedResult}</arg>
<arg>${ActualMessage}</arg>
<doc>Runs the given keyword with given arguments and returns the status as a Boolean value.</doc>
<status status="PASS" start="2025-09-06T21:14:33.662076" elapsed="0.031636"/>
</kw>
<kw name="Run Keyword If" owner="BuiltIn">
<kw name="Write Excel Cell" owner="ExcelLibrary">
<arg>${row}</arg>
<arg>10</arg>
<arg>ข้อความไม่ตรงตามที่คาดหวังไว้ ควรแก้ไขเป็น ${ExpectedResult}</arg>
<doc>Writes value to the cell.</doc>
<status status="PASS" start="2025-09-06T21:14:33.716572" elapsed="0.000363"/>
</kw>
<arg>${is_match}</arg>
<arg>Write Excel Cell</arg>
<arg>${row}</arg>
<arg>10</arg>
<arg>ข้อความแสดงผลถูกต้อง</arg>
<arg>ELSE</arg>
<arg>Write Excel Cell</arg>
<arg>${row}</arg>
<arg>10</arg>
<arg>ข้อความไม่ตรงตามที่คาดหวังไว้ ควรแก้ไขเป็น ${ExpectedResult}</arg>
<doc>Runs the given keyword with the given arguments, if ``condition`` is true.</doc>
<status status="PASS" start="2025-09-06T21:14:33.716208" elapsed="0.001830"/>
</kw>
<arg>${i}</arg>
<arg>${ExpectedResult}</arg>
<arg>${ActualMessage}</arg>
<status status="PASS" start="2025-09-06T21:14:33.591309" elapsed="0.129897"/>
</kw>
<arg>Write Suggestion Based On Comparison</arg>
<arg>${i}</arg>
<arg>${ExpectedResult}</arg>
<arg>${ActualMessage}</arg>
<doc>Executes the given keyword with the given arguments.</doc>
<status status="PASS" start="2025-09-06T21:14:33.590799" elapsed="0.130653"/>
</kw>
<arg>${row}</arg>
<status status="PASS" start="2025-09-06T21:14:32.892324" elapsed="0.829310"/>
</kw>
<kw name="Go To Logout" owner="KeywordTC18_PreApprovalComment">
<kw name="Click Element" owner="SeleniumLibrary">
<msg time="2025-09-06T21:14:33.722561" level="INFO">Clicking element '//a[contains(text(),'ออกจากระบบ')]'.</msg>
<arg>//a[contains(text(),'ออกจากระบบ')]</arg>
<doc>Click the element identified by ``locator``.</doc>
<status status="PASS" start="2025-09-06T21:14:33.722335" elapsed="1.605683"/>
</kw>
<kw name="Sleep" owner="BuiltIn">
<msg time="2025-09-06T21:14:36.333944" level="INFO">Slept 1 second.</msg>
<arg>1s</arg>
<doc>Pauses the test executed for the given time.</doc>
<status status="PASS" start="2025-09-06T21:14:35.331752" elapsed="1.003459"/>
</kw>
<status status="PASS" start="2025-09-06T21:14:33.721964" elapsed="2.622371"/>
</kw>
<arg>Setup Speed</arg>
<arg>AND</arg>
<arg>Login As Lecturer</arg>
<arg>AND</arg>
<arg>Go To Approved Proposal</arg>
<arg>${row}</arg>
<arg>AND</arg>
<arg>Fill Comment Form</arg>
<arg>${row}</arg>
<arg>AND</arg>
<arg>Click Approved Button</arg>
<arg>${row}</arg>
<arg>AND</arg>
<arg>Handle Submission Result</arg>
<arg>${row}</arg>
<arg>AND</arg>
<arg>Validate And Write Result</arg>
<arg>${row}</arg>
<arg>AND</arg>
<arg>Go To Logout</arg>
<doc>Executes all the given keywords in a sequence.</doc>
<status status="PASS" start="2025-09-06T21:14:01.547710" elapsed="34.798249"/>
</kw>
<arg>'${ALLOW}' == 'Y'</arg>
<arg>Run Keywords</arg>
<arg>Setup Speed</arg>
<arg>AND</arg>
<arg>Login As Lecturer</arg>
<arg>AND</arg>
<arg>Go To Approved Proposal</arg>
<arg>${row}</arg>
<arg>AND</arg>
<arg>Fill Comment Form</arg>
<arg>${row}</arg>
<arg>AND</arg>
<arg>Click Approved Button</arg>
<arg>${row}</arg>
<arg>AND</arg>
<arg>Handle Submission Result</arg>
<arg>${row}</arg>
<arg>AND</arg>
<arg>Validate And Write Result</arg>
<arg>${row}</arg>
<arg>AND</arg>
<arg>Go To Logout</arg>
<doc>Runs the given keyword with the given arguments, if ``condition`` is true.</doc>
<status status="PASS" start="2025-09-06T21:14:01.546718" elapsed="34.800080"/>
</kw>
<kw name="Run Keyword If" owner="BuiltIn">
<arg>'${ALLOW}' != 'Y'</arg>
<arg>Log To Console</arg>
<arg>Skipping row ${row} due to Allow = ${ALLOW}</arg>
<doc>Runs the given keyword with the given arguments, if ``condition`` is true.</doc>
<status status="PASS" start="2025-09-06T21:14:36.348294" elapsed="0.000590"/>
</kw>
<arg>${i}</arg>
<status status="PASS" start="2025-09-06T21:14:01.527161" elapsed="34.822070"/>
</kw>
<var name="${i}">2</var>
<status status="PASS" start="2025-09-06T21:14:01.526612" elapsed="34.833304"/>
</iter>
<iter>
<kw name="Run PreApprovalComment" owner="KeywordTC18_PreApprovalComment">
<kw name="Read Excel Cell" owner="ExcelLibrary">
<msg time="2025-09-06T21:14:36.364330" level="INFO">${ALLOW} = Y</msg>
<var>${ALLOW}</var>
<arg>${row}</arg>
<arg>8</arg>
<doc>Returns content of a cell.</doc>
<status status="PASS" start="2025-09-06T21:14:36.364038" elapsed="0.000337"/>
</kw>
<kw name="Evaluate" owner="BuiltIn">
<msg time="2025-09-06T21:14:36.370193" level="INFO">${ALLOW} = Y</msg>
<var>${ALLOW}</var>
<arg>'' if $ALLOW in ['None', '', None] else $ALLOW.strip()</arg>
<doc>Evaluates the given expression in Python and returns the result.</doc>
<status status="PASS" start="2025-09-06T21:14:36.368546" elapsed="0.001719"/>
</kw>
<kw name="Log To Console" owner="BuiltIn">
<arg>Row ${row} - Allow: ${ALLOW}</arg>
<doc>Logs the given message to the console.</doc>
<status status="PASS" start="2025-09-06T21:14:36.377489" elapsed="0.006807"/>
</kw>
<kw name="Run Keyword If" owner="BuiltIn">
<kw name="Run Keywords" owner="BuiltIn">
<kw name="Setup Speed" owner="KeywordTC18_PreApprovalComment">
<kw name="Set Selenium Speed" owner="SeleniumLibrary">
<arg>0.2</arg>
<doc>Sets the delay that is waited after each Selenium command.</doc>
<status status="PASS" start="2025-09-06T21:14:36.391279" elapsed="0.001321"/>
</kw>
<status status="PASS" start="2025-09-06T21:14:36.390746" elapsed="0.002316"/>
</kw>
<kw name="Login As Lecturer" owner="KeywordTC18_PreApprovalComment">
<kw name="Click Element" owner="SeleniumLibrary">
<msg time="2025-09-06T21:14:36.400425" level="INFO">Clicking element '//button[contains(text(),'เข้าสู่ระบบ')]'.</msg>
<arg>//button[contains(text(),'เข้าสู่ระบบ')]</arg>
<doc>Click the element identified by ``locator``.</doc>
<status status="PASS" start="2025-09-06T21:14:36.396868" elapsed="0.581148"/>
</kw>
<kw name="Click Element" owner="SeleniumLibrary">
<msg time="2025-09-06T21:14:36.995114" level="INFO">Clicking element '//a[contains(text(),'เข้าสู่ระบบสำหรับอาจารย์')]'.</msg>
<arg>//a[contains(text(),'เข้าสู่ระบบสำหรับอาจารย์')]</arg>
<doc>Click the element identified by ``locator``.</doc>
<status status="PASS" start="2025-09-06T21:14:36.992512" elapsed="0.615446"/>
</kw>
<kw name="Input Text" owner="SeleniumLibrary">
<msg time="2025-09-06T21:14:37.612219" level="INFO">Typing text 'sayan@gmaejo.mju.ac.th' into text field '//input[@id='lecname']'.</msg>
<arg>//input[@id='lecname']</arg>
<arg>sayan@gmaejo.mju.ac.th</arg>
<doc>Types the given ``text`` into the text field identified by ``locator``.</doc>
<status status="PASS" start="2025-09-06T21:14:37.611605" elapsed="0.780281"/>
</kw>
<kw name="Input Text" owner="SeleniumLibrary">
<msg time="2025-09-06T21:14:38.395717" level="INFO">Typing text 'itscimju' into text field '//input[@id='lecpwd']'.</msg>
<arg>//input[@id='lecpwd']</arg>
<arg>itscimju</arg>
<doc>Types the given ``text`` into the text field identified by ``locator``.</doc>
<status status="PASS" start="2025-09-06T21:14:38.395303" elapsed="0.764984"/>
</kw>
<kw name="Click Button" owner="SeleniumLibrary">
<msg time="2025-09-06T21:14:39.166208" level="INFO">Clicking button '//body/form[1]/input[3]'.</msg>
<arg>//body/form[1]/input[3]</arg>
<doc>Clicks the button identified by ``locator``.</doc>
<status status="PASS" start="2025-09-06T21:14:39.165673" elapsed="0.686037"/>
</kw>
<kw name="Handle Alert" owner="SeleniumLibrary">
<msg time="2025-09-06T21:14:39.858857" level="INFO">HANDLE::&lt;class 'NoneType'&gt;::None</msg>
<arg>ACCEPT</arg>
<doc>Handles the current alert and returns its message.</doc>
<status status="PASS" start="2025-09-06T21:14:39.858512" elapsed="0.617394"/>
</kw>
<status status="PASS" start="2025-09-06T21:14:36.394127" elapsed="4.086351"/>
</kw>
<kw name="Go To Approved Proposal" owner="KeywordTC18_PreApprovalComment">
<kw name="Click Element" owner="SeleniumLibrary">
<msg time="2025-09-06T21:14:40.490915" level="INFO">Clicking element '//body/div[1]/div[1]/div[3]/a[1]'.</msg>
<arg>//body/div[1]/div[1]/div[3]/a[1]</arg>
<doc>Click the element identified by ``locator``.</doc>
<status status="PASS" start="2025-09-06T21:14:40.482860" elapsed="1.802264"/>
</kw>
<kw name="Click Element" owner="SeleniumLibrary">
<msg time="2025-09-06T21:14:42.300112" level="INFO">Clicking element '//tbody/tr[3+1]/td[9]/a[1]'.</msg>
<arg>//tbody/tr[${i}+1]/td[9]/a[1]</arg>
<doc>Click the element identified by ``locator``.</doc>
<status status="PASS" start="2025-09-06T21:14:42.299637" elapsed="1.404566"/>
</kw>
<kw name="Sleep" owner="BuiltIn">
<msg time="2025-09-06T21:14:45.722278" level="INFO">Slept 2 seconds.</msg>
<arg>2s</arg>
<doc>Pauses the test executed for the given time.</doc>
<status status="PASS" start="2025-09-06T21:14:43.720447" elapsed="2.002871"/>
</kw>
<arg>${row}</arg>
<status status="PASS" start="2025-09-06T21:14:40.482101" elapsed="5.245045"/>
</kw>
<kw name="Fill Comment Form" owner="KeywordTC18_PreApprovalComment">
<kw name="Read Excel Cell" owner="ExcelLibrary">
<msg time="2025-09-06T21:14:45.730175" level="INFO">${PreApprovalComments} = اډمیک خدماتو پروژې د ټولنې په پرمختګ کې ارزښتناکه تجربه چمتو کړه. د ټولنې د</msg>
<var>${PreApprovalComments}</var>
<arg>${i}</arg>
<arg>2</arg>
<doc>Returns content of a cell.</doc>
<status status="PASS" start="2025-09-06T21:14:45.729297" elapsed="0.000952"/>
</kw>
<kw name="Evaluate" owner="BuiltIn">
<msg time="2025-09-06T21:14:45.735179" level="INFO">${PreApprovalComments} = اډمیک خدماتو پروژې د ټولنې په پرمختګ کې ارزښتناکه تجربه چمتو کړه. د ټولنې د</msg>
<var>${PreApprovalComments}</var>
<arg>'' if $PreApprovalComments in ['None', '', None] else $PreApprovalComments</arg>
<doc>Evaluates the given expression in Python and returns the result.</doc>
<status status="PASS" start="2025-09-06T21:14:45.734470" elapsed="0.000769"/>
</kw>
<kw name="Input Text" owner="SeleniumLibrary">
<msg time="2025-09-06T21:14:45.740299" level="INFO">Typing text 'اډمیک خدماتو پروژې د ټولنې په پرمختګ کې ارزښتناکه تجربه چمتو کړه. د ټولنې د' into text field 'css:#commentDetail'.</msg>
<arg>css:#commentDetail</arg>
<arg>${PreApprovalComments}</arg>
<doc>Types the given ``text`` into the text field identified by ``locator``.</doc>
<status status="PASS" start="2025-09-06T21:14:45.739740" elapsed="1.033020"/>
</kw>
<arg>${row}</arg>
<status status="PASS" start="2025-09-06T21:14:45.728411" elapsed="1.114190"/>
</kw>
<kw name="Click Approved Button" owner="KeywordTC18_PreApprovalComment">
<kw name="Read Excel Cell" owner="ExcelLibrary">
<msg time="2025-09-06T21:14:46.845465" level="INFO">${Action} = กดปุ่มอนุมัติ</msg>
<var>${Action}</var>
<arg>${i}</arg>
<arg>3</arg>
<doc>Returns content of a cell.</doc>
<status status="PASS" start="2025-09-06T21:14:46.844751" elapsed="0.000819"/>
</kw>
<kw name="Run Keyword If" owner="BuiltIn">
<arg>'${Action}' == 'กดปุ่มอนุมัติแต่มีแก้ไข'</arg>
<arg>Run Keyword And Ignore Error</arg>
<arg>Click Element</arg>
<arg>//button[contains(text(),'อนุมัติแต่มีแก้ไข')]</arg>
<doc>Runs the given keyword with the given arguments, if ``condition`` is true.</doc>
<status status="PASS" start="2025-09-06T21:14:46.864918" elapsed="0.003889"/>
</kw>
<kw name="Run Keyword If" owner="BuiltIn">
<kw name="Run Keyword And Ignore Error" owner="BuiltIn">
<kw name="Click Element" owner="SeleniumLibrary">
<msg time="2025-09-06T21:14:46.875001" level="INFO">Clicking element '//button [@class='approve-button']'.</msg>
<arg>//button [@class='approve-button']</arg>
<doc>Click the element identified by ``locator``.</doc>
<status status="PASS" start="2025-09-06T21:14:46.874079" elapsed="1.834700"/>
</kw>
<arg>Click Element</arg>
<arg>//button [@class='approve-button']</arg>
<doc>Runs the given keyword with the given arguments and ignores possible error.</doc>
<status status="PASS" start="2025-09-06T21:14:46.873371" elapsed="1.845675"/>
</kw>
<arg>'${Action}' == 'กดปุ่มอนุมัติ'</arg>
<arg>Run Keyword And Ignore Error</arg>
<arg>Click Element</arg>
<arg>//button [@class='approve-button']</arg>
<doc>Runs the given keyword with the given arguments, if ``condition`` is true.</doc>
<status status="PASS" start="2025-09-06T21:14:46.869165" elapsed="1.851344"/>
</kw>
<kw name="Sleep" owner="BuiltIn">
<msg time="2025-09-06T21:14:49.722539" level="INFO">Slept 1 second.</msg>
<arg>1s</arg>
<doc>Pauses the test executed for the given time.</doc>
<status status="PASS" start="2025-09-06T21:14:48.721455" elapsed="1.001296"/>
</kw>
<arg>${row}</arg>
<status status="PASS" start="2025-09-06T21:14:46.843272" elapsed="2.894386"/>
</kw>
<kw name="Handle Submission Result" owner="KeywordTC18_PreApprovalComment">
<kw name="Run Keyword And Ignore Error" owner="BuiltIn">
<kw name="Handle Alert" owner="SeleniumLibrary">
<msg time="2025-09-06T21:14:49.769929" level="INFO">HANDLE::&lt;class 'NoneType'&gt;::None</msg>
<msg time="2025-09-06T21:14:55.302897" level="INFO" html="true">&lt;/td&gt;&lt;/tr&gt;&lt;tr&gt;&lt;td colspan="3"&gt;&lt;a href="selenium-screenshot-92.png"&gt;&lt;img src="selenium-screenshot-92.png" width="800px"&gt;&lt;/a&gt;</msg>
<msg time="2025-09-06T21:14:55.308774" level="FAIL">Alert not found in 5 seconds.</msg>
<arg>ACCEPT</arg>
<doc>Handles the current alert and returns its message.</doc>
<status status="FAIL" start="2025-09-06T21:14:49.769716" elapsed="5.553553">Alert not found in 5 seconds.</status>
</kw>
<msg time="2025-09-06T21:14:55.325501" level="INFO">${alert_result} = ('FAIL', 'Alert not found in 5 seconds.')</msg>
<var>${alert_result}</var>
<arg>Handle Alert</arg>
<arg>ACCEPT</arg>
<doc>Runs the given keyword with the given arguments and ignores possible error.</doc>
<status status="PASS" start="2025-09-06T21:14:49.769450" elapsed="5.556083"/>
</kw>
<kw name="Log To Console" owner="BuiltIn">
<arg>Alert Status: ${alert_result[0]}</arg>
<doc>Logs the given message to the console.</doc>
<status status="PASS" start="2025-09-06T21:14:55.327559" elapsed="0.003578"/>
</kw>
<kw name="Log To Console" owner="BuiltIn">
<arg>Alert Text: ${alert_result[1]}</arg>
<doc>Logs the given message to the console.</doc>
<status status="PASS" start="2025-09-06T21:14:55.331446" elapsed="0.000627"/>
</kw>
<kw name="Set Test Variable" owner="BuiltIn">
<msg time="2025-09-06T21:14:55.332517" level="INFO">${alert_result} = ('FAIL', 'Alert not found in 5 seconds.')</msg>
<arg>${alert_result}</arg>
<doc>Makes a variable available everywhere within the scope of the current test.</doc>
<status status="PASS" start="2025-09-06T21:14:55.332338" elapsed="0.000218"/>
</kw>
<if>
<branch type="IF" condition="'${alert_result[0]}' == 'PASS'">
<kw name="Set Variable" owner="BuiltIn">
<var>${ActualMessage}</var>
<arg>${alert_result[1]}</arg>
<doc>Returns the given values which can then be assigned to a variables.</doc>
<status status="NOT RUN" start="2025-09-06T21:14:55.337246" elapsed="0.000047"/>
</kw>
<status status="NOT RUN" start="2025-09-06T21:14:55.335641" elapsed="0.001817"/>
</branch>
<branch type="ELSE">
<kw name="Set Variable" owner="BuiltIn">
<msg time="2025-09-06T21:14:55.337861" level="INFO">${ActualMessage} = AlertNotFound</msg>
<var>${ActualMessage}</var>
<arg>AlertNotFound</arg>
<doc>Returns the given values which can then be assigned to a variables.</doc>
<status status="PASS" start="2025-09-06T21:14:55.337713" elapsed="0.000173"/>
</kw>
<kw name="Capture Page Screenshot" owner="SeleniumLibrary">
<msg time="2025-09-06T21:14:55.702066" level="INFO" html="true">&lt;/td&gt;&lt;/tr&gt;&lt;tr&gt;&lt;td colspan="3"&gt;&lt;a href="TC18_ApprovedProposal/Screenshots_AlertNotFound/3_AlertNotFound.png"&gt;&lt;img src="TC18_ApprovedProposal/Screenshots_AlertNotFound/3_AlertNotFound.png" width="800px"&gt;&lt;/a&gt;</msg>
<arg>TC18_ApprovedProposal/Screenshots_AlertNotFound/${i}_AlertNotFound.png</arg>
<doc>Takes a screenshot of the current page and embeds it into a log file.</doc>
<status status="PASS" start="2025-09-06T21:14:55.340137" elapsed="0.362098"/>
</kw>
<kw name="Run Keyword And Ignore Error" owner="BuiltIn">
<kw name="Click Element" owner="SeleniumLibrary">
<msg time="2025-09-06T21:14:55.705513" level="INFO">Clicking element '//a[contains(text(),'กลับไปหน้าแรก')]'.</msg>
<msg time="2025-09-06T21:14:56.266803" level="INFO" html="true">&lt;/td&gt;&lt;/tr&gt;&lt;tr&gt;&lt;td colspan="3"&gt;&lt;a href="selenium-screenshot-93.png"&gt;&lt;img src="selenium-screenshot-93.png" width="800px"&gt;&lt;/a&gt;</msg>
<msg time="2025-09-06T21:14:56.267728" level="FAIL">Element with locator '//a[contains(text(),'กลับไปหน้าแรก')]' not found.</msg>
<arg>//a[contains(text(),'กลับไปหน้าแรก')]</arg>
<doc>Click the element identified by ``locator``.</doc>
<status status="FAIL" start="2025-09-06T21:14:55.705267" elapsed="0.565294">Element with locator '//a[contains(text(),'กลับไปหน้าแรก')]' not found.</status>
</kw>
<arg>Click Element</arg>
<arg>//a[contains(text(),'กลับไปหน้าแรก')]</arg>
<doc>Runs the given keyword with the given arguments and ignores possible error.</doc>
<status status="PASS" start="2025-09-06T21:14:55.704961" elapsed="0.568954"/>
</kw>
<status status="PASS" start="2025-09-06T21:14:55.337600" elapsed="0.936649"/>
</branch>
<status status="PASS" start="2025-09-06T21:14:55.335440" elapsed="0.939000"/>
</if>
<kw name="Set Test Variable" owner="BuiltIn">
<msg time="2025-09-06T21:14:56.274910" level="INFO">${ActualMessage} = AlertNotFound</msg>
<arg>${ActualMessage}</arg>
<doc>Makes a variable available everywhere within the scope of the current test.</doc>
<status status="PASS" start="2025-09-06T21:14:56.274651" elapsed="0.000452"/>
</kw>
<kw name="Sleep" owner="BuiltIn">
<msg time="2025-09-06T21:14:58.279108" level="INFO">Slept 2 seconds.</msg>
<arg>2</arg>
<doc>Pauses the test executed for the given time.</doc>
<status status="PASS" start="2025-09-06T21:14:56.278377" elapsed="2.001695"/>
</kw>
<arg>${row}</arg>
<status status="PASS" start="2025-09-06T21:14:49.768729" elapsed="8.515148"/>
</kw>
<kw name="Validate And Write Result" owner="KeywordTC18_PreApprovalComment">
<kw name="Read Excel Cell" owner="ExcelLibrary">
<msg time="2025-09-06T21:14:58.285896" level="INFO">${ExpectedResult} = กรุณากรอกความคิดเห็นก่อนการอนุมัติ ต้องเป็นตัวอักษรภาษาไทย ภาษาอังกฤษ ตัวเลข หรืออักขระพิเศษ</msg>
<var>${ExpectedResult}</var>
<arg>${i}</arg>
<arg>4</arg>
<doc>Returns content of a cell.</doc>
<status status="PASS" start="2025-09-06T21:14:58.285455" elapsed="0.000499"/>
</kw>
<kw name="Evaluate" owner="BuiltIn">
<msg time="2025-09-06T21:14:58.293617" level="INFO">${ExpectedResult} = กรุณากรอกความคิดเห็นก่อนการอนุมัติ ต้องเป็นตัวอักษรภาษาไทย ภาษาอังกฤษ ตัวเลข หรืออักขระพิเศษ</msg>
<var>${ExpectedResult}</var>
<arg>'''${ExpectedResult}'''.strip()</arg>
<doc>Evaluates the given expression in Python and returns the result.</doc>
<status status="PASS" start="2025-09-06T21:14:58.289133" elapsed="0.004568"/>
</kw>
<kw name="Evaluate" owner="BuiltIn">
<msg time="2025-09-06T21:14:58.300099" level="INFO">${ActualMessage} = AlertNotFound</msg>
<var>${ActualMessage}</var>
<arg>'''${ActualMessage}'''.strip()</arg>
<doc>Evaluates the given expression in Python and returns the result.</doc>
<status status="PASS" start="2025-09-06T21:14:58.299369" elapsed="0.000773"/>
</kw>
<kw name="Log To Console" owner="BuiltIn">
<arg>Expected Result: ${ExpectedResult}</arg>
<doc>Logs the given message to the console.</doc>
<status status="PASS" start="2025-09-06T21:14:58.302993" elapsed="0.001517"/>
</kw>
<kw name="Log To Console" owner="BuiltIn">
<arg>Actual Message: ${ActualMessage}</arg>
<doc>Logs the given message to the console.</doc>
<status status="PASS" start="2025-09-06T21:14:58.304977" elapsed="0.001119"/>
</kw>
<kw name="Write Excel Cell" owner="ExcelLibrary">
<arg>${i}</arg>
<arg>6</arg>
<arg>${ActualMessage}</arg>
<doc>Writes value to the cell.</doc>
<status status="PASS" start="2025-09-06T21:14:58.306535" elapsed="0.004112"/>
</kw>
<kw name="Run Keyword And Return Status" owner="BuiltIn">
<kw name="Should Be Equal As Strings" owner="BuiltIn">
<msg time="2025-09-06T21:14:58.316159" level="FAIL">กรุณากรอกความคิดเห็นก่อนการอนุมัติ ต้องเป็นตัวอักษรภาษาไทย ภาษาอังกฤษ ตัวเลข หรืออักขระพิเศษ != AlertNotFound</msg>
<arg>${ExpectedResult}</arg>
<arg>${ActualMessage}</arg>
<doc>Fails if objects are unequal after converting them to strings.</doc>
<status status="FAIL" start="2025-09-06T21:14:58.315592" elapsed="0.000731">กรุณากรอกความคิดเห็นก่อนการอนุมัติ ต้องเป็นตัวอักษรภาษาไทย ภาษาอังกฤษ ตัวเลข หรืออักขระพิเศษ != AlertNotFound</status>
</kw>
<msg time="2025-09-06T21:14:58.320494" level="INFO">${compare_result} = False</msg>
<var>${compare_result}</var>
<arg>Should Be Equal As Strings</arg>
<arg>${ExpectedResult}</arg>
<arg>${ActualMessage}</arg>
<doc>Runs the given keyword with given arguments and returns the status as a Boolean value.</doc>
<status status="PASS" start="2025-09-06T21:14:58.311190" elapsed="0.009397"/>
</kw>
<if>
<branch type="IF" condition="${compare_result}">
<kw name="Write Excel Cell" owner="ExcelLibrary">
<arg>${i}</arg>
<arg>7</arg>
<arg>PASS</arg>
<doc>Writes value to the cell.</doc>
<status status="NOT RUN" start="2025-09-06T21:14:58.324877" elapsed="0.000096"/>
</kw>
<kw name="Capture Page Screenshot" owner="SeleniumLibrary">
<arg>TC18_ApprovedProposal/Screenshots_Pass/${i}_Pass.png</arg>
<doc>Takes a screenshot of the current page and embeds it into a log file.</doc>
<status status="NOT RUN" start="2025-09-06T21:14:58.325316" elapsed="0.000074"/>
</kw>
<status status="NOT RUN" start="2025-09-06T21:14:58.324474" elapsed="0.001090"/>
</branch>
<branch type="ELSE">
<kw name="Write Excel Cell" owner="ExcelLibrary">
<arg>${i}</arg>
<arg>7</arg>
<arg>FAIL</arg>
<doc>Writes value to the cell.</doc>
<status status="PASS" start="2025-09-06T21:14:58.325923" elapsed="0.000487"/>
</kw>
<kw name="Capture Page Screenshot" owner="SeleniumLibrary">
<msg time="2025-09-06T21:14:58.725160" level="INFO" html="true">&lt;/td&gt;&lt;/tr&gt;&lt;tr&gt;&lt;td colspan="3"&gt;&lt;a href="TC18_ApprovedProposal/Screenshots_Fail/3_Fail.png"&gt;&lt;img src="TC18_ApprovedProposal/Screenshots_Fail/3_Fail.png" width="800px"&gt;&lt;/a&gt;</msg>
<arg>TC18_ApprovedProposal/Screenshots_Fail/${i}_Fail.png</arg>
<doc>Takes a screenshot of the current page and embeds it into a log file.</doc>
<status status="PASS" start="2025-09-06T21:14:58.326924" elapsed="0.398454"/>
</kw>
<status status="PASS" start="2025-09-06T21:14:58.325738" elapsed="0.410039"/>
</branch>
<status status="PASS" start="2025-09-06T21:14:58.324423" elapsed="0.411611"/>
</if>
<kw name="Run Keyword" owner="BuiltIn">
<kw name="Write Suggestion Based On Comparison" owner="KeywordTC18_PreApprovalComment">
<kw name="Evaluate" owner="BuiltIn">
<msg time="2025-09-06T21:14:58.740515" level="INFO">${ExpectedResult} = กรุณากรอกความคิดเห็นก่อนการอนุมัติ ต้องเป็นตัวอักษรภาษาไทย ภาษาอังกฤษ ตัวเลข หรืออักขระพิเศษ</msg>
<var>${ExpectedResult}</var>
<arg>'''${ExpectedResult}'''.strip()</arg>
<doc>Evaluates the given expression in Python and returns the result.</doc>
<status status="PASS" start="2025-09-06T21:14:58.738170" elapsed="0.002446"/>
</kw>
<kw name="Evaluate" owner="BuiltIn">
<msg time="2025-09-06T21:14:58.753599" level="INFO">${ActualMessage} = AlertNotFound</msg>
<var>${ActualMessage}</var>
<arg>'''${ActualMessage}'''.strip()</arg>
<doc>Evaluates the given expression in Python and returns the result.</doc>
<status status="PASS" start="2025-09-06T21:14:58.752753" elapsed="0.000906"/>
</kw>
<kw name="Run Keyword And Return Status" owner="BuiltIn">
<kw name="Should Be Equal As Strings" owner="BuiltIn">
<msg time="2025-09-06T21:14:58.760712" level="FAIL">กรุณากรอกความคิดเห็นก่อนการอนุมัติ ต้องเป็นตัวอักษรภาษาไทย ภาษาอังกฤษ ตัวเลข หรืออักขระพิเศษ != AlertNotFound</msg>
<arg>${ExpectedResult}</arg>
<arg>${ActualMessage}</arg>
<doc>Fails if objects are unequal after converting them to strings.</doc>
<status status="FAIL" start="2025-09-06T21:14:58.758647" elapsed="0.002332">กรุณากรอกความคิดเห็นก่อนการอนุมัติ ต้องเป็นตัวอักษรภาษาไทย ภาษาอังกฤษ ตัวเลข หรืออักขระพิเศษ != AlertNotFound</status>
</kw>
<msg time="2025-09-06T21:14:58.765896" level="INFO">${is_match} = False</msg>
<var>${is_match}</var>
<arg>Should Be Equal As Strings</arg>
<arg>${ExpectedResult}</arg>
<arg>${ActualMessage}</arg>
<doc>Runs the given keyword with given arguments and returns the status as a Boolean value.</doc>
<status status="PASS" start="2025-09-06T21:14:58.758158" elapsed="0.007955"/>
</kw>
<kw name="Run Keyword If" owner="BuiltIn">
<kw name="Write Excel Cell" owner="ExcelLibrary">
<arg>${row}</arg>
<arg>10</arg>
<arg>ข้อความไม่ตรงตามที่คาดหวังไว้ ควรแก้ไขเป็น ${ExpectedResult}</arg>
<doc>Writes value to the cell.</doc>
<status status="PASS" start="2025-09-06T21:14:58.772925" elapsed="0.001328"/>
</kw>
<arg>${is_match}</arg>
<arg>Write Excel Cell</arg>
<arg>${row}</arg>
<arg>10</arg>
<arg>ข้อความแสดงผลถูกต้อง</arg>
<arg>ELSE</arg>
<arg>Write Excel Cell</arg>
<arg>${row}</arg>
<arg>10</arg>
<arg>ข้อความไม่ตรงตามที่คาดหวังไว้ ควรแก้ไขเป็น ${ExpectedResult}</arg>
<doc>Runs the given keyword with the given arguments, if ``condition`` is true.</doc>
<status status="PASS" start="2025-09-06T21:14:58.770688" elapsed="0.004020"/>
</kw>
<arg>${i}</arg>
<arg>${ExpectedResult}</arg>
<arg>${ActualMessage}</arg>
<status status="PASS" start="2025-09-06T21:14:58.736622" elapsed="0.038371"/>
</kw>
<arg>Write Suggestion Based On Comparison</arg>
<arg>${i}</arg>
<arg>${ExpectedResult}</arg>
<arg>${ActualMessage}</arg>
<doc>Executes the given keyword with the given arguments.</doc>
<status status="PASS" start="2025-09-06T21:14:58.736249" elapsed="0.043216"/>
</kw>
<arg>${row}</arg>
<status status="PASS" start="2025-09-06T21:14:58.284760" elapsed="0.496662"/>
</kw>
<kw name="Go To Logout" owner="KeywordTC18_PreApprovalComment">
<kw name="Click Element" owner="SeleniumLibrary">
<msg time="2025-09-06T21:14:58.784640" level="INFO">Clicking element '//a[contains(text(),'ออกจากระบบ')]'.</msg>
<arg>//a[contains(text(),'ออกจากระบบ')]</arg>
<doc>Click the element identified by ``locator``.</doc>
<status status="PASS" start="2025-09-06T21:14:58.782710" elapsed="1.474143"/>
</kw>
<kw name="Sleep" owner="BuiltIn">
<msg time="2025-09-06T21:15:01.270471" level="INFO">Slept 1 second.</msg>
<arg>1s</arg>
<doc>Pauses the test executed for the given time.</doc>
<status status="PASS" start="2025-09-06T21:15:00.269011" elapsed="1.001996"/>
</kw>
<status status="PASS" start="2025-09-06T21:14:58.781932" elapsed="2.500052"/>
</kw>
<arg>Setup Speed</arg>
<arg>AND</arg>
<arg>Login As Lecturer</arg>
<arg>AND</arg>
<arg>Go To Approved Proposal</arg>
<arg>${row}</arg>
<arg>AND</arg>
<arg>Fill Comment Form</arg>
<arg>${row}</arg>
<arg>AND</arg>
<arg>Click Approved Button</arg>
<arg>${row}</arg>
<arg>AND</arg>
<arg>Handle Submission Result</arg>
<arg>${row}</arg>
<arg>AND</arg>
<arg>Validate And Write Result</arg>
<arg>${row}</arg>
<arg>AND</arg>
<arg>Go To Logout</arg>
<doc>Executes all the given keywords in a sequence.</doc>
<status status="PASS" start="2025-09-06T21:14:36.390221" elapsed="24.892220"/>
</kw>
<arg>'${ALLOW}' == 'Y'</arg>
<arg>Run Keywords</arg>
<arg>Setup Speed</arg>
<arg>AND</arg>
<arg>Login As Lecturer</arg>
<arg>AND</arg>
<arg>Go To Approved Proposal</arg>
<arg>${row}</arg>
<arg>AND</arg>
<arg>Fill Comment Form</arg>
<arg>${row}</arg>
<arg>AND</arg>
<arg>Click Approved Button</arg>
<arg>${row}</arg>
<arg>AND</arg>
<arg>Handle Submission Result</arg>
<arg>${row}</arg>
<arg>AND</arg>
<arg>Validate And Write Result</arg>
<arg>${row}</arg>
<arg>AND</arg>
<arg>Go To Logout</arg>
<doc>Runs the given keyword with the given arguments, if ``condition`` is true.</doc>
<status status="PASS" start="2025-09-06T21:14:36.389415" elapsed="24.893365"/>
</kw>
<kw name="Run Keyword If" owner="BuiltIn">
<arg>'${ALLOW}' != 'Y'</arg>
<arg>Log To Console</arg>
<arg>Skipping row ${row} due to Allow = ${ALLOW}</arg>
<doc>Runs the given keyword with the given arguments, if ``condition`` is true.</doc>
<status status="PASS" start="2025-09-06T21:15:01.283836" elapsed="0.000717"/>
</kw>
<arg>${i}</arg>
<status status="PASS" start="2025-09-06T21:14:36.363039" elapsed="24.922119"/>
</kw>
<var name="${i}">3</var>
<status status="PASS" start="2025-09-06T21:14:36.362638" elapsed="24.923716"/>
</iter>
<iter>
<kw name="Run PreApprovalComment" owner="KeywordTC18_PreApprovalComment">
<kw name="Read Excel Cell" owner="ExcelLibrary">
<msg time="2025-09-06T21:15:01.291466" level="INFO">${ALLOW} = Y</msg>
<var>${ALLOW}</var>
<arg>${row}</arg>
<arg>8</arg>
<doc>Returns content of a cell.</doc>
<status status="PASS" start="2025-09-06T21:15:01.290396" elapsed="0.001132"/>
</kw>
<kw name="Evaluate" owner="BuiltIn">
<msg time="2025-09-06T21:15:01.297526" level="INFO">${ALLOW} = Y</msg>
<var>${ALLOW}</var>
<arg>'' if $ALLOW in ['None', '', None] else $ALLOW.strip()</arg>
<doc>Evaluates the given expression in Python and returns the result.</doc>
<status status="PASS" start="2025-09-06T21:15:01.296859" elapsed="0.000723"/>
</kw>
<kw name="Log To Console" owner="BuiltIn">
<arg>Row ${row} - Allow: ${ALLOW}</arg>
<doc>Logs the given message to the console.</doc>
<status status="PASS" start="2025-09-06T21:15:01.301115" elapsed="0.000776"/>
</kw>
<kw name="Run Keyword If" owner="BuiltIn">
<kw name="Run Keywords" owner="BuiltIn">
<kw name="Setup Speed" owner="KeywordTC18_PreApprovalComment">
<kw name="Set Selenium Speed" owner="SeleniumLibrary">
<arg>0.2</arg>
<doc>Sets the delay that is waited after each Selenium command.</doc>
<status status="PASS" start="2025-09-06T21:15:01.306476" elapsed="0.003585"/>
</kw>
<status status="PASS" start="2025-09-06T21:15:01.304545" elapsed="0.005959"/>
</kw>
<kw name="Login As Lecturer" owner="KeywordTC18_PreApprovalComment">
<kw name="Click Element" owner="SeleniumLibrary">
<msg time="2025-09-06T21:15:01.312219" level="INFO">Clicking element '//button[contains(text(),'เข้าสู่ระบบ')]'.</msg>
<arg>//button[contains(text(),'เข้าสู่ระบบ')]</arg>
<doc>Click the element identified by ``locator``.</doc>
<status status="PASS" start="2025-09-06T21:15:01.311852" elapsed="0.539924"/>
</kw>
<kw name="Click Element" owner="SeleniumLibrary">
<msg time="2025-09-06T21:15:01.886135" level="INFO">Clicking element '//a[contains(text(),'เข้าสู่ระบบสำหรับอาจารย์')]'.</msg>
<arg>//a[contains(text(),'เข้าสู่ระบบสำหรับอาจารย์')]</arg>
<doc>Click the element identified by ``locator``.</doc>
<status status="PASS" start="2025-09-06T21:15:01.867524" elapsed="1.272522"/>
</kw>
<kw name="Input Text" owner="SeleniumLibrary">
<msg time="2025-09-06T21:15:03.161259" level="INFO">Typing text 'sayan@gmaejo.mju.ac.th' into text field '//input[@id='lecname']'.</msg>
<arg>//input[@id='lecname']</arg>
<arg>sayan@gmaejo.mju.ac.th</arg>
<doc>Types the given ``text`` into the text field identified by ``locator``.</doc>
<status status="PASS" start="2025-09-06T21:15:03.160704" elapsed="1.039472"/>
</kw>
<kw name="Input Text" owner="SeleniumLibrary">
<msg time="2025-09-06T21:15:04.256703" level="INFO">Typing text 'itscimju' into text field '//input[@id='lecpwd']'.</msg>
<arg>//input[@id='lecpwd']</arg>
<arg>itscimju</arg>
<doc>Types the given ``text`` into the text field identified by ``locator``.</doc>
<status status="PASS" start="2025-09-06T21:15:04.256175" elapsed="0.811137"/>
</kw>
<kw name="Click Button" owner="SeleniumLibrary">
<msg time="2025-09-06T21:15:05.155293" level="INFO">Clicking button '//body/form[1]/input[3]'.</msg>
<arg>//body/form[1]/input[3]</arg>
<doc>Clicks the button identified by ``locator``.</doc>
<status status="PASS" start="2025-09-06T21:15:05.154688" elapsed="0.940747"/>
</kw>
<kw name="Handle Alert" owner="SeleniumLibrary">
<msg time="2025-09-06T21:15:06.145112" level="INFO">HANDLE::&lt;class 'NoneType'&gt;::None</msg>
<arg>ACCEPT</arg>
<doc>Handles the current alert and returns its message.</doc>
<status status="PASS" start="2025-09-06T21:15:06.144681" elapsed="0.638953"/>
</kw>
<status status="PASS" start="2025-09-06T21:15:01.311289" elapsed="5.490818"/>
</kw>
<kw name="Go To Approved Proposal" owner="KeywordTC18_PreApprovalComment">
<kw name="Click Element" owner="SeleniumLibrary">
<msg time="2025-09-06T21:15:06.815378" level="INFO">Clicking element '//body/div[1]/div[1]/div[3]/a[1]'.</msg>
<arg>//body/div[1]/div[1]/div[3]/a[1]</arg>
<doc>Click the element identified by ``locator``.</doc>
<status status="PASS" start="2025-09-06T21:15:06.809421" elapsed="4.542327"/>
</kw>
<kw name="Click Element" owner="SeleniumLibrary">
<msg time="2025-09-06T21:15:11.389333" level="INFO">Clicking element '//tbody/tr[4+1]/td[9]/a[1]'.</msg>
<arg>//tbody/tr[${i}+1]/td[9]/a[1]</arg>
<doc>Click the element identified by ``locator``.</doc>
<status status="PASS" start="2025-09-06T21:15:11.388735" elapsed="2.422560"/>
</kw>
<kw name="Sleep" owner="BuiltIn">
<msg time="2025-09-06T21:15:15.818276" level="INFO">Slept 2 seconds.</msg>
<arg>2s</arg>
<doc>Pauses the test executed for the given time.</doc>
<status status="PASS" start="2025-09-06T21:15:13.817010" elapsed="2.001439"/>
</kw>
<arg>${row}</arg>
<status status="PASS" start="2025-09-06T21:15:06.802769" elapsed="9.019828"/>
</kw>
<kw name="Fill Comment Form" owner="KeywordTC18_PreApprovalComment">
<kw name="Read Excel Cell" owner="ExcelLibrary">
<msg time="2025-09-06T21:15:15.824264" level="INFO">${PreApprovalComments} = แก้ไข</msg>
<var>${PreApprovalComments}</var>
<arg>${i}</arg>
<arg>2</arg>
<doc>Returns content of a cell.</doc>
<status status="PASS" start="2025-09-06T21:15:15.823539" elapsed="0.000758"/>
</kw>
<kw name="Evaluate" owner="BuiltIn">
<msg time="2025-09-06T21:15:15.827712" level="INFO">${PreApprovalComments} = แก้ไข</msg>
<var>${PreApprovalComments}</var>
<arg>'' if $PreApprovalComments in ['None', '', None] else $PreApprovalComments</arg>
<doc>Evaluates the given expression in Python and returns the result.</doc>
<status status="PASS" start="2025-09-06T21:15:15.827007" elapsed="0.000748"/>
</kw>
<kw name="Input Text" owner="SeleniumLibrary">
<msg time="2025-09-06T21:15:15.831146" level="INFO">Typing text 'แก้ไข' into text field 'css:#commentDetail'.</msg>
<arg>css:#commentDetail</arg>
<arg>${PreApprovalComments}</arg>
<doc>Types the given ``text`` into the text field identified by ``locator``.</doc>
<status status="PASS" start="2025-09-06T21:15:15.830711" elapsed="0.741517"/>
</kw>
<arg>${row}</arg>
<status status="PASS" start="2025-09-06T21:15:15.823013" elapsed="0.752567"/>
</kw>
<kw name="Click Approved Button" owner="KeywordTC18_PreApprovalComment">
<kw name="Read Excel Cell" owner="ExcelLibrary">
<msg time="2025-09-06T21:15:16.576845" level="INFO">${Action} = กดปุ่มอนุมัติ</msg>
<var>${Action}</var>
<arg>${i}</arg>
<arg>3</arg>
<doc>Returns content of a cell.</doc>
<status status="PASS" start="2025-09-06T21:15:16.576540" elapsed="0.000362"/>
</kw>
<kw name="Run Keyword If" owner="BuiltIn">
<arg>'${Action}' == 'กดปุ่มอนุมัติแต่มีแก้ไข'</arg>
<arg>Run Keyword And Ignore Error</arg>
<arg>Click Element</arg>
<arg>//button[contains(text(),'อนุมัติแต่มีแก้ไข')]</arg>
<doc>Runs the given keyword with the given arguments, if ``condition`` is true.</doc>
<status status="PASS" start="2025-09-06T21:15:16.579813" elapsed="0.000295"/>
</kw>
<kw name="Run Keyword If" owner="BuiltIn">
<kw name="Run Keyword And Ignore Error" owner="BuiltIn">
<kw name="Click Element" owner="SeleniumLibrary">
<msg time="2025-09-06T21:15:16.581095" level="INFO">Clicking element '//button [@class='approve-button']'.</msg>
<arg>//button [@class='approve-button']</arg>
<doc>Click the element identified by ``locator``.</doc>
<status status="PASS" start="2025-09-06T21:15:16.580855" elapsed="1.570675"/>
</kw>
<arg>Click Element</arg>
<arg>//button [@class='approve-button']</arg>
<doc>Runs the given keyword with the given arguments and ignores possible error.</doc>
<status status="PASS" start="2025-09-06T21:15:16.580645" elapsed="1.575626"/>
</kw>
<arg>'${Action}' == 'กดปุ่มอนุมัติ'</arg>
<arg>Run Keyword And Ignore Error</arg>
<arg>Click Element</arg>
<arg>//button [@class='approve-button']</arg>
<doc>Runs the given keyword with the given arguments, if ``condition`` is true.</doc>
<status status="PASS" start="2025-09-06T21:15:16.580325" elapsed="1.576436"/>
</kw>
<kw name="Sleep" owner="BuiltIn">
<msg time="2025-09-06T21:15:19.157579" level="INFO">Slept 1 second.</msg>
<arg>1s</arg>
<doc>Pauses the test executed for the given time.</doc>
<status status="PASS" start="2025-09-06T21:15:18.157105" elapsed="1.000774"/>
</kw>
<arg>${row}</arg>
<status status="PASS" start="2025-09-06T21:15:16.576071" elapsed="2.612437"/>
</kw>
<kw name="Handle Submission Result" owner="KeywordTC18_PreApprovalComment">
<kw name="Run Keyword And Ignore Error" owner="BuiltIn">
<kw name="Handle Alert" owner="SeleniumLibrary">
<msg time="2025-09-06T21:15:19.190507" level="INFO">HANDLE::&lt;class 'NoneType'&gt;::None</msg>
<msg time="2025-09-06T21:15:25.364103" level="INFO" html="true">&lt;/td&gt;&lt;/tr&gt;&lt;tr&gt;&lt;td colspan="3"&gt;&lt;a href="selenium-screenshot-94.png"&gt;&lt;img src="selenium-screenshot-94.png" width="800px"&gt;&lt;/a&gt;</msg>
<msg time="2025-09-06T21:15:25.416249" level="FAIL">Alert not found in 5 seconds.</msg>
<arg>ACCEPT</arg>
<doc>Handles the current alert and returns its message.</doc>
<status status="FAIL" start="2025-09-06T21:15:19.190293" elapsed="6.398857">Alert not found in 5 seconds.</status>
</kw>
<msg time="2025-09-06T21:15:25.610290" level="INFO">${alert_result} = ('FAIL', 'Alert not found in 5 seconds.')</msg>
<var>${alert_result}</var>
<arg>Handle Alert</arg>
<arg>ACCEPT</arg>
<doc>Runs the given keyword with the given arguments and ignores possible error.</doc>
<status status="PASS" start="2025-09-06T21:15:19.190056" elapsed="6.420307"/>
</kw>
<kw name="Log To Console" owner="BuiltIn">
<arg>Alert Status: ${alert_result[0]}</arg>
<doc>Logs the given message to the console.</doc>
<status status="PASS" start="2025-09-06T21:15:25.655713" elapsed="0.135461"/>
</kw>
<kw name="Log To Console" owner="BuiltIn">
<arg>Alert Text: ${alert_result[1]}</arg>
<doc>Logs the given message to the console.</doc>
<status status="PASS" start="2025-09-06T21:15:25.793095" elapsed="0.001348"/>
</kw>
<kw name="Set Test Variable" owner="BuiltIn">
<msg time="2025-09-06T21:15:25.795475" level="INFO">${alert_result} = ('FAIL', 'Alert not found in 5 seconds.')</msg>
<arg>${alert_result}</arg>
<doc>Makes a variable available everywhere within the scope of the current test.</doc>
<status status="PASS" start="2025-09-06T21:15:25.795038" elapsed="0.000535"/>
</kw>
<if>
<branch type="IF" condition="'${alert_result[0]}' == 'PASS'">
<kw name="Set Variable" owner="BuiltIn">
<var>${ActualMessage}</var>
<arg>${alert_result[1]}</arg>
<doc>Returns the given values which can then be assigned to a variables.</doc>
<status status="NOT RUN" start="2025-09-06T21:15:25.914640" elapsed="0.000461"/>
</kw>
<status status="NOT RUN" start="2025-09-06T21:15:25.890711" elapsed="0.034711"/>
</branch>
<branch type="ELSE">
<kw name="Set Variable" owner="BuiltIn">
<msg time="2025-09-06T21:15:25.926215" level="INFO">${ActualMessage} = AlertNotFound</msg>
<var>${ActualMessage}</var>
<arg>AlertNotFound</arg>
<doc>Returns the given values which can then be assigned to a variables.</doc>
<status status="PASS" start="2025-09-06T21:15:25.926024" elapsed="0.000228"/>
</kw>
<kw name="Capture Page Screenshot" owner="SeleniumLibrary">
<msg time="2025-09-06T21:15:26.494729" level="INFO" html="true">&lt;/td&gt;&lt;/tr&gt;&lt;tr&gt;&lt;td colspan="3"&gt;&lt;a href="TC18_ApprovedProposal/Screenshots_AlertNotFound/4_AlertNotFound.png"&gt;&lt;img src="TC18_ApprovedProposal/Screenshots_AlertNotFound/4_AlertNotFound.png" width="800px"&gt;&lt;/a&gt;</msg>
<arg>TC18_ApprovedProposal/Screenshots_AlertNotFound/${i}_AlertNotFound.png</arg>
<doc>Takes a screenshot of the current page and embeds it into a log file.</doc>
<status status="PASS" start="2025-09-06T21:15:26.030939" elapsed="0.463982"/>
</kw>
<kw name="Run Keyword And Ignore Error" owner="BuiltIn">
<kw name="Click Element" owner="SeleniumLibrary">
<msg time="2025-09-06T21:15:26.498999" level="INFO">Clicking element '//a[contains(text(),'กลับไปหน้าแรก')]'.</msg>
<msg time="2025-09-06T21:15:27.323482" level="INFO" html="true">&lt;/td&gt;&lt;/tr&gt;&lt;tr&gt;&lt;td colspan="3"&gt;&lt;a href="selenium-screenshot-95.png"&gt;&lt;img src="selenium-screenshot-95.png" width="800px"&gt;&lt;/a&gt;</msg>
<msg time="2025-09-06T21:15:27.324752" level="FAIL">Element with locator '//a[contains(text(),'กลับไปหน้าแรก')]' not found.</msg>
<arg>//a[contains(text(),'กลับไปหน้าแรก')]</arg>
<doc>Click the element identified by ``locator``.</doc>
<status status="FAIL" start="2025-09-06T21:15:26.498679" elapsed="0.833323">Element with locator '//a[contains(text(),'กลับไปหน้าแรก')]' not found.</status>
</kw>
<arg>Click Element</arg>
<arg>//a[contains(text(),'กลับไปหน้าแรก')]</arg>
<doc>Runs the given keyword with the given arguments and ignores possible error.</doc>
<status status="PASS" start="2025-09-06T21:15:26.498290" elapsed="0.840547"/>
</kw>
<status status="PASS" start="2025-09-06T21:15:25.925777" elapsed="1.414060"/>
</branch>
<status status="PASS" start="2025-09-06T21:15:25.876477" elapsed="1.463649"/>
</if>
<kw name="Set Test Variable" owner="BuiltIn">
<msg time="2025-09-06T21:15:27.341272" level="INFO">${ActualMessage} = AlertNotFound</msg>
<arg>${ActualMessage}</arg>
<doc>Makes a variable available everywhere within the scope of the current test.</doc>
<status status="PASS" start="2025-09-06T21:15:27.340507" elapsed="0.000978"/>
</kw>
<kw name="Sleep" owner="BuiltIn">
<msg time="2025-09-06T21:15:29.362732" level="INFO">Slept 2 seconds.</msg>
<arg>2</arg>
<doc>Pauses the test executed for the given time.</doc>
<status status="PASS" start="2025-09-06T21:15:27.346035" elapsed="2.017462"/>
</kw>
<arg>${row}</arg>
<status status="PASS" start="2025-09-06T21:15:19.189439" elapsed="10.191227"/>
</kw>
<kw name="Validate And Write Result" owner="KeywordTC18_PreApprovalComment">
<kw name="Read Excel Cell" owner="ExcelLibrary">
<msg time="2025-09-06T21:15:29.384053" level="INFO">${ExpectedResult} = กรอกความคิดเห็นสำเร็จ</msg>
<var>${ExpectedResult}</var>
<arg>${i}</arg>
<arg>4</arg>
<doc>Returns content of a cell.</doc>
<status status="PASS" start="2025-09-06T21:15:29.383388" elapsed="0.000778"/>
</kw>
<kw name="Evaluate" owner="BuiltIn">
<msg time="2025-09-06T21:15:29.491622" level="INFO">${ExpectedResult} = กรอกความคิดเห็นสำเร็จ</msg>
<var>${ExpectedResult}</var>
<arg>'''${ExpectedResult}'''.strip()</arg>
<doc>Evaluates the given expression in Python and returns the result.</doc>
<status status="PASS" start="2025-09-06T21:15:29.480895" elapsed="0.010814"/>
</kw>
<kw name="Evaluate" owner="BuiltIn">
<msg time="2025-09-06T21:15:29.509248" level="INFO">${ActualMessage} = AlertNotFound</msg>
<var>${ActualMessage}</var>
<arg>'''${ActualMessage}'''.strip()</arg>
<doc>Evaluates the given expression in Python and returns the result.</doc>
<status status="PASS" start="2025-09-06T21:15:29.505233" elapsed="0.004117"/>
</kw>
<kw name="Log To Console" owner="BuiltIn">
<arg>Expected Result: ${ExpectedResult}</arg>
<doc>Logs the given message to the console.</doc>
<status status="PASS" start="2025-09-06T21:15:29.517565" elapsed="0.001148"/>
</kw>
<kw name="Log To Console" owner="BuiltIn">
<arg>Actual Message: ${ActualMessage}</arg>
<doc>Logs the given message to the console.</doc>
<status status="PASS" start="2025-09-06T21:15:29.519179" elapsed="0.000744"/>
</kw>
<kw name="Write Excel Cell" owner="ExcelLibrary">
<arg>${i}</arg>
<arg>6</arg>
<arg>${ActualMessage}</arg>
<doc>Writes value to the cell.</doc>
<status status="PASS" start="2025-09-06T21:15:29.520329" elapsed="0.003238"/>
</kw>
<kw name="Run Keyword And Return Status" owner="BuiltIn">
<kw name="Should Be Equal As Strings" owner="BuiltIn">
<msg time="2025-09-06T21:15:29.525724" level="FAIL">กรอกความคิดเห็นสำเร็จ != AlertNotFound</msg>
<arg>${ExpectedResult}</arg>
<arg>${ActualMessage}</arg>
<doc>Fails if objects are unequal after converting them to strings.</doc>
<status status="FAIL" start="2025-09-06T21:15:29.524768" elapsed="0.001152">กรอกความคิดเห็นสำเร็จ != AlertNotFound</status>
</kw>
<msg time="2025-09-06T21:15:29.530444" level="INFO">${compare_result} = False</msg>
<var>${compare_result}</var>
<arg>Should Be Equal As Strings</arg>
<arg>${ExpectedResult}</arg>
<arg>${ActualMessage}</arg>
<doc>Runs the given keyword with given arguments and returns the status as a Boolean value.</doc>
<status status="PASS" start="2025-09-06T21:15:29.524305" elapsed="0.006205"/>
</kw>
<if>
<branch type="IF" condition="${compare_result}">
<kw name="Write Excel Cell" owner="ExcelLibrary">
<arg>${i}</arg>
<arg>7</arg>
<arg>PASS</arg>
<doc>Writes value to the cell.</doc>
<status status="NOT RUN" start="2025-09-06T21:15:29.535198" elapsed="0.000146"/>
</kw>
<kw name="Capture Page Screenshot" owner="SeleniumLibrary">
<arg>TC18_ApprovedProposal/Screenshots_Pass/${i}_Pass.png</arg>
<doc>Takes a screenshot of the current page and embeds it into a log file.</doc>
<status status="NOT RUN" start="2025-09-06T21:15:29.536367" elapsed="0.000167"/>
</kw>
<status status="NOT RUN" start="2025-09-06T21:15:29.534735" elapsed="0.002080"/>
</branch>
<branch type="ELSE">
<kw name="Write Excel Cell" owner="ExcelLibrary">
<arg>${i}</arg>
<arg>7</arg>
<arg>FAIL</arg>
<doc>Writes value to the cell.</doc>
<status status="PASS" start="2025-09-06T21:15:29.537417" elapsed="0.000369"/>
</kw>
<kw name="Capture Page Screenshot" owner="SeleniumLibrary">
<msg time="2025-09-06T21:15:29.929250" level="INFO" html="true">&lt;/td&gt;&lt;/tr&gt;&lt;tr&gt;&lt;td colspan="3"&gt;&lt;a href="TC18_ApprovedProposal/Screenshots_Fail/4_Fail.png"&gt;&lt;img src="TC18_ApprovedProposal/Screenshots_Fail/4_Fail.png" width="800px"&gt;&lt;/a&gt;</msg>
<arg>TC18_ApprovedProposal/Screenshots_Fail/${i}_Fail.png</arg>
<doc>Takes a screenshot of the current page and embeds it into a log file.</doc>
<status status="PASS" start="2025-09-06T21:15:29.538208" elapsed="0.391265"/>
</kw>
<status status="PASS" start="2025-09-06T21:15:29.537083" elapsed="0.403184"/>
</branch>
<status status="PASS" start="2025-09-06T21:15:29.534680" elapsed="0.406378"/>
</if>
<kw name="Run Keyword" owner="BuiltIn">
<kw name="Write Suggestion Based On Comparison" owner="KeywordTC18_PreApprovalComment">
<kw name="Evaluate" owner="BuiltIn">
<msg time="2025-09-06T21:15:29.943885" level="INFO">${ExpectedResult} = กรอกความคิดเห็นสำเร็จ</msg>
<var>${ExpectedResult}</var>
<arg>'''${ExpectedResult}'''.strip()</arg>
<doc>Evaluates the given expression in Python and returns the result.</doc>
<status status="PASS" start="2025-09-06T21:15:29.943044" elapsed="0.001339"/>
</kw>
<kw name="Evaluate" owner="BuiltIn">
<msg time="2025-09-06T21:15:29.957702" level="INFO">${ActualMessage} = AlertNotFound</msg>
<var>${ActualMessage}</var>
<arg>'''${ActualMessage}'''.strip()</arg>
<doc>Evaluates the given expression in Python and returns the result.</doc>
<status status="PASS" start="2025-09-06T21:15:29.956457" elapsed="0.001414"/>
</kw>
<kw name="Run Keyword And Return Status" owner="BuiltIn">
<kw name="Should Be Equal As Strings" owner="BuiltIn">
<msg time="2025-09-06T21:15:29.972494" level="FAIL">กรอกความคิดเห็นสำเร็จ != AlertNotFound</msg>
<arg>${ExpectedResult}</arg>
<arg>${ActualMessage}</arg>
<doc>Fails if objects are unequal after converting them to strings.</doc>
<status status="FAIL" start="2025-09-06T21:15:29.971297" elapsed="0.001341">กรอกความคิดเห็นสำเร็จ != AlertNotFound</status>
</kw>
<msg time="2025-09-06T21:15:29.976396" level="INFO">${is_match} = False</msg>
<var>${is_match}</var>
<arg>Should Be Equal As Strings</arg>
<arg>${ExpectedResult}</arg>
<arg>${ActualMessage}</arg>
<doc>Runs the given keyword with given arguments and returns the status as a Boolean value.</doc>
<status status="PASS" start="2025-09-06T21:15:29.970762" elapsed="0.005704"/>
</kw>
<kw name="Run Keyword If" owner="BuiltIn">
<kw name="Write Excel Cell" owner="ExcelLibrary">
<arg>${row}</arg>
<arg>10</arg>
<arg>ข้อความไม่ตรงตามที่คาดหวังไว้ ควรแก้ไขเป็น ${ExpectedResult}</arg>
<doc>Writes value to the cell.</doc>
<status status="PASS" start="2025-09-06T21:15:29.983521" elapsed="0.000413"/>
</kw>
<arg>${is_match}</arg>
<arg>Write Excel Cell</arg>
<arg>${row}</arg>
<arg>10</arg>
<arg>ข้อความแสดงผลถูกต้อง</arg>
<arg>ELSE</arg>
<arg>Write Excel Cell</arg>
<arg>${row}</arg>
<arg>10</arg>
<arg>ข้อความไม่ตรงตามที่คาดหวังไว้ ควรแก้ไขเป็น ${ExpectedResult}</arg>
<doc>Runs the given keyword with the given arguments, if ``condition`` is true.</doc>
<status status="PASS" start="2025-09-06T21:15:29.982820" elapsed="0.001477"/>
</kw>
<arg>${i}</arg>
<arg>${ExpectedResult}</arg>
<arg>${ActualMessage}</arg>
<status status="PASS" start="2025-09-06T21:15:29.941841" elapsed="0.042965"/>
</kw>
<arg>Write Suggestion Based On Comparison</arg>
<arg>${i}</arg>
<arg>${ExpectedResult}</arg>
<arg>${ActualMessage}</arg>
<doc>Executes the given keyword with the given arguments.</doc>
<status status="PASS" start="2025-09-06T21:15:29.941346" elapsed="0.043728"/>
</kw>
<arg>${row}</arg>
<status status="PASS" start="2025-09-06T21:15:29.382058" elapsed="0.603189"/>
</kw>
<kw name="Go To Logout" owner="KeywordTC18_PreApprovalComment">
<kw name="Click Element" owner="SeleniumLibrary">
<msg time="2025-09-06T21:15:29.986255" level="INFO">Clicking element '//a[contains(text(),'ออกจากระบบ')]'.</msg>
<arg>//a[contains(text(),'ออกจากระบบ')]</arg>
<doc>Click the element identified by ``locator``.</doc>
<status status="PASS" start="2025-09-06T21:15:29.986023" elapsed="1.429677"/>
</kw>
<kw name="Sleep" owner="BuiltIn">
<msg time="2025-09-06T21:15:32.422334" level="INFO">Slept 1 second.</msg>
<arg>1s</arg>
<doc>Pauses the test executed for the given time.</doc>
<status status="PASS" start="2025-09-06T21:15:31.421508" elapsed="1.001270"/>
</kw>
<status status="PASS" start="2025-09-06T21:15:29.985631" elapsed="2.455466"/>
</kw>
<arg>Setup Speed</arg>
<arg>AND</arg>
<arg>Login As Lecturer</arg>
<arg>AND</arg>
<arg>Go To Approved Proposal</arg>
<arg>${row}</arg>
<arg>AND</arg>
<arg>Fill Comment Form</arg>
<arg>${row}</arg>
<arg>AND</arg>
<arg>Click Approved Button</arg>
<arg>${row}</arg>
<arg>AND</arg>
<arg>Handle Submission Result</arg>
<arg>${row}</arg>
<arg>AND</arg>
<arg>Validate And Write Result</arg>
<arg>${row}</arg>
<arg>AND</arg>
<arg>Go To Logout</arg>
<doc>Executes all the given keywords in a sequence.</doc>
<status status="PASS" start="2025-09-06T21:15:01.303874" elapsed="31.137556"/>
</kw>
<arg>'${ALLOW}' == 'Y'</arg>
<arg>Run Keywords</arg>
<arg>Setup Speed</arg>
<arg>AND</arg>
<arg>Login As Lecturer</arg>
<arg>AND</arg>
<arg>Go To Approved Proposal</arg>
<arg>${row}</arg>
<arg>AND</arg>
<arg>Fill Comment Form</arg>
<arg>${row}</arg>
<arg>AND</arg>
<arg>Click Approved Button</arg>
<arg>${row}</arg>
<arg>AND</arg>
<arg>Handle Submission Result</arg>
<arg>${row}</arg>
<arg>AND</arg>
<arg>Validate And Write Result</arg>
<arg>${row}</arg>
<arg>AND</arg>
<arg>Go To Logout</arg>
<doc>Runs the given keyword with the given arguments, if ``condition`` is true.</doc>
<status status="PASS" start="2025-09-06T21:15:01.302645" elapsed="31.138978"/>
</kw>
<kw name="Run Keyword If" owner="BuiltIn">
<arg>'${ALLOW}' != 'Y'</arg>
<arg>Log To Console</arg>
<arg>Skipping row ${row} due to Allow = ${ALLOW}</arg>
<doc>Runs the given keyword with the given arguments, if ``condition`` is true.</doc>
<status status="PASS" start="2025-09-06T21:15:32.442096" elapsed="0.000466"/>
</kw>
<arg>${i}</arg>
<status status="PASS" start="2025-09-06T21:15:01.289523" elapsed="31.154282"/>
</kw>
<var name="${i}">4</var>
<status status="PASS" start="2025-09-06T21:15:01.288883" elapsed="31.161310"/>
</iter>
<iter>
<kw name="Run PreApprovalComment" owner="KeywordTC18_PreApprovalComment">
<kw name="Read Excel Cell" owner="ExcelLibrary">
<msg time="2025-09-06T21:15:32.452235" level="INFO">${ALLOW} = Y</msg>
<var>${ALLOW}</var>
<arg>${row}</arg>
<arg>8</arg>
<doc>Returns content of a cell.</doc>
<status status="PASS" start="2025-09-06T21:15:32.451921" elapsed="0.000385"/>
</kw>
<kw name="Evaluate" owner="BuiltIn">
<msg time="2025-09-06T21:15:32.464294" level="INFO">${ALLOW} = Y</msg>
<var>${ALLOW}</var>
<arg>'' if $ALLOW in ['None', '', None] else $ALLOW.strip()</arg>
<doc>Evaluates the given expression in Python and returns the result.</doc>
<status status="PASS" start="2025-09-06T21:15:32.462722" elapsed="0.001640"/>
</kw>
<kw name="Log To Console" owner="BuiltIn">
<arg>Row ${row} - Allow: ${ALLOW}</arg>
<doc>Logs the given message to the console.</doc>
<status status="PASS" start="2025-09-06T21:15:32.481907" elapsed="0.000687"/>
</kw>
<kw name="Run Keyword If" owner="BuiltIn">
<kw name="Run Keywords" owner="BuiltIn">
<kw name="Setup Speed" owner="KeywordTC18_PreApprovalComment">
<kw name="Set Selenium Speed" owner="SeleniumLibrary">
<arg>0.2</arg>
<doc>Sets the delay that is waited after each Selenium command.</doc>
<status status="PASS" start="2025-09-06T21:15:32.486104" elapsed="0.010248"/>
</kw>
<status status="PASS" start="2025-09-06T21:15:32.485587" elapsed="0.011250"/>
</kw>
<kw name="Login As Lecturer" owner="KeywordTC18_PreApprovalComment">
<kw name="Click Element" owner="SeleniumLibrary">
<msg time="2025-09-06T21:15:32.504705" level="INFO">Clicking element '//button[contains(text(),'เข้าสู่ระบบ')]'.</msg>
<arg>//button[contains(text(),'เข้าสู่ระบบ')]</arg>
<doc>Click the element identified by ``locator``.</doc>
<status status="PASS" start="2025-09-06T21:15:32.504232" elapsed="0.627096"/>
</kw>
<kw name="Click Element" owner="SeleniumLibrary">
<msg time="2025-09-06T21:15:33.187886" level="INFO">Clicking element '//a[contains(text(),'เข้าสู่ระบบสำหรับอาจารย์')]'.</msg>
<arg>//a[contains(text(),'เข้าสู่ระบบสำหรับอาจารย์')]</arg>
<doc>Click the element identified by ``locator``.</doc>
<status status="PASS" start="2025-09-06T21:15:33.187585" elapsed="0.674843"/>
</kw>
<kw name="Input Text" owner="SeleniumLibrary">
<msg time="2025-09-06T21:15:33.870614" level="INFO">Typing text 'sayan@gmaejo.mju.ac.th' into text field '//input[@id='lecname']'.</msg>
<arg>//input[@id='lecname']</arg>
<arg>sayan@gmaejo.mju.ac.th</arg>
<doc>Types the given ``text`` into the text field identified by ``locator``.</doc>
<status status="PASS" start="2025-09-06T21:15:33.869960" elapsed="0.850797"/>
</kw>
<kw name="Input Text" owner="SeleniumLibrary">
<msg time="2025-09-06T21:15:34.744631" level="INFO">Typing text 'itscimju' into text field '//input[@id='lecpwd']'.</msg>
<arg>//input[@id='lecpwd']</arg>
<arg>itscimju</arg>
<doc>Types the given ``text`` into the text field identified by ``locator``.</doc>
<status status="PASS" start="2025-09-06T21:15:34.744122" elapsed="0.685920"/>
</kw>
<kw name="Click Button" owner="SeleniumLibrary">
<msg time="2025-09-06T21:15:35.438112" level="INFO">Clicking button '//body/form[1]/input[3]'.</msg>
<arg>//body/form[1]/input[3]</arg>
<doc>Clicks the button identified by ``locator``.</doc>
<status status="PASS" start="2025-09-06T21:15:35.437799" elapsed="0.678439"/>
</kw>
<kw name="Handle Alert" owner="SeleniumLibrary">
<msg time="2025-09-06T21:15:36.124543" level="INFO">HANDLE::&lt;class 'NoneType'&gt;::None</msg>
<arg>ACCEPT</arg>
<doc>Handles the current alert and returns its message.</doc>
<status status="PASS" start="2025-09-06T21:15:36.124206" elapsed="0.615387"/>
</kw>
<status status="PASS" start="2025-09-06T21:15:32.497332" elapsed="4.246845"/>
</kw>
<kw name="Go To Approved Proposal" owner="KeywordTC18_PreApprovalComment">
<kw name="Click Element" owner="SeleniumLibrary">
<msg time="2025-09-06T21:15:36.745268" level="INFO">Clicking element '//body/div[1]/div[1]/div[3]/a[1]'.</msg>
<arg>//body/div[1]/div[1]/div[3]/a[1]</arg>
<doc>Click the element identified by ``locator``.</doc>
<status status="PASS" start="2025-09-06T21:15:36.745045" elapsed="1.433647"/>
</kw>
<kw name="Click Element" owner="SeleniumLibrary">
<msg time="2025-09-06T21:15:38.191934" level="INFO">Clicking element '//tbody/tr[5+1]/td[9]/a[1]'.</msg>
<arg>//tbody/tr[${i}+1]/td[9]/a[1]</arg>
<doc>Click the element identified by ``locator``.</doc>
<status status="PASS" start="2025-09-06T21:15:38.191466" elapsed="1.410923"/>
</kw>
<kw name="Sleep" owner="BuiltIn">
<msg time="2025-09-06T21:15:41.611727" level="INFO">Slept 2 seconds.</msg>
<arg>2s</arg>
<doc>Pauses the test executed for the given time.</doc>
<status status="PASS" start="2025-09-06T21:15:39.607858" elapsed="2.004463"/>
</kw>
<arg>${row}</arg>
<status status="PASS" start="2025-09-06T21:15:36.744594" elapsed="4.875748"/>
</kw>
<kw name="Fill Comment Form" owner="KeywordTC18_PreApprovalComment">
<kw name="Read Excel Cell" owner="ExcelLibrary">
<msg time="2025-09-06T21:15:41.623370" level="INFO">${PreApprovalComments} = Bad!!!</msg>
<var>${PreApprovalComments}</var>
<arg>${i}</arg>
<arg>2</arg>
<doc>Returns content of a cell.</doc>
<status status="PASS" start="2025-09-06T21:15:41.622717" elapsed="0.000718"/>
</kw>
<kw name="Evaluate" owner="BuiltIn">
<msg time="2025-09-06T21:15:41.630212" level="INFO">${PreApprovalComments} = Bad!!!</msg>
<var>${PreApprovalComments}</var>
<arg>'' if $PreApprovalComments in ['None', '', None] else $PreApprovalComments</arg>
<doc>Evaluates the given expression in Python and returns the result.</doc>
<status status="PASS" start="2025-09-06T21:15:41.629090" elapsed="0.001191"/>
</kw>
<kw name="Input Text" owner="SeleniumLibrary">
<msg time="2025-09-06T21:15:41.634731" level="INFO">Typing text 'Bad!!!' into text field 'css:#commentDetail'.</msg>
<arg>css:#commentDetail</arg>
<arg>${PreApprovalComments}</arg>
<doc>Types the given ``text`` into the text field identified by ``locator``.</doc>
[...]
<msg time="2025-09-06T21:18:06.475569" level="INFO">Typing text '' into text field 'css:#commentDetail'.</msg>
<arg>css:#commentDetail</arg>
<arg>${PreApprovalComments}</arg>
<doc>Types the given ``text`` into the text field identified by ``locator``.</doc>
<status status="PASS" start="2025-09-06T21:18:06.475272" elapsed="0.752063"/>
</kw>
<arg>${row}</arg>
<status status="PASS" start="2025-09-06T21:18:06.467627" elapsed="0.762338"/>
</kw>
<kw name="Click Approved Button" owner="KeywordTC18_PreApprovalComment">
<kw name="Read Excel Cell" owner="ExcelLibrary">
<msg time="2025-09-06T21:18:07.231667" level="INFO">${Action} = กดปุ่มอนุมัติ</msg>
<var>${Action}</var>
<arg>${i}</arg>
<arg>3</arg>
<doc>Returns content of a cell.</doc>
<status status="PASS" start="2025-09-06T21:18:07.231309" elapsed="0.000406"/>
</kw>
<kw name="Run Keyword If" owner="BuiltIn">
<arg>'${Action}' == 'กดปุ่มอนุมัติแต่มีแก้ไข'</arg>
<arg>Run Keyword And Ignore Error</arg>
<arg>Click Element</arg>
<arg>//button[contains(text(),'อนุมัติแต่มีแก้ไข')]</arg>
<doc>Runs the given keyword with the given arguments, if ``condition`` is true.</doc>
<status status="PASS" start="2025-09-06T21:18:07.234506" elapsed="0.000354"/>
</kw>
<kw name="Run Keyword If" owner="BuiltIn">
<kw name="Run Keyword And Ignore Error" owner="BuiltIn">
<kw name="Click Element" owner="SeleniumLibrary">
<msg time="2025-09-06T21:18:07.235910" level="INFO">Clicking element '//button [@class='approve-button']'.</msg>
<arg>//button [@class='approve-button']</arg>
<doc>Click the element identified by ``locator``.</doc>
<status status="PASS" start="2025-09-06T21:18:07.235618" elapsed="0.550418"/>
</kw>
<arg>Click Element</arg>
<arg>//button [@class='approve-button']</arg>
<doc>Runs the given keyword with the given arguments and ignores possible error.</doc>
<status status="PASS" start="2025-09-06T21:18:07.235421" elapsed="0.553879"/>
</kw>
<arg>'${Action}' == 'กดปุ่มอนุมัติ'</arg>
<arg>Run Keyword And Ignore Error</arg>
<arg>Click Element</arg>
<arg>//button [@class='approve-button']</arg>
<doc>Runs the given keyword with the given arguments, if ``condition`` is true.</doc>
<status status="PASS" start="2025-09-06T21:18:07.235136" elapsed="0.554415"/>
</kw>
<kw name="Sleep" owner="BuiltIn">
<msg time="2025-09-06T21:18:08.791365" level="INFO">Slept 1 second.</msg>
<arg>1s</arg>
<doc>Pauses the test executed for the given time.</doc>
<status status="PASS" start="2025-09-06T21:18:07.789841" elapsed="1.001944"/>
</kw>
<arg>${row}</arg>
<status status="PASS" start="2025-09-06T21:18:07.230621" elapsed="1.564741"/>
</kw>
<kw name="Handle Submission Result" owner="KeywordTC18_PreApprovalComment">
<kw name="Run Keyword And Ignore Error" owner="BuiltIn">
<kw name="Handle Alert" owner="SeleniumLibrary">
<msg time="2025-09-06T21:18:08.805349" level="INFO">HANDLE::&lt;class 'NoneType'&gt;::None</msg>
<msg time="2025-09-06T21:18:14.455299" level="INFO" html="true">&lt;/td&gt;&lt;/tr&gt;&lt;tr&gt;&lt;td colspan="3"&gt;&lt;a href="selenium-screenshot-106.png"&gt;&lt;img src="selenium-screenshot-106.png" width="800px"&gt;&lt;/a&gt;</msg>
<msg time="2025-09-06T21:18:14.461443" level="FAIL">Alert not found in 5 seconds.</msg>
<arg>ACCEPT</arg>
<doc>Handles the current alert and returns its message.</doc>
<status status="FAIL" start="2025-09-06T21:18:08.804855" elapsed="5.669998">Alert not found in 5 seconds.</status>
</kw>
<msg time="2025-09-06T21:18:14.509287" level="INFO">${alert_result} = ('FAIL', 'Alert not found in 5 seconds.')</msg>
<var>${alert_result}</var>
<arg>Handle Alert</arg>
<arg>ACCEPT</arg>
<doc>Runs the given keyword with the given arguments and ignores possible error.</doc>
<status status="PASS" start="2025-09-06T21:18:08.796996" elapsed="5.712351"/>
</kw>
<kw name="Log To Console" owner="BuiltIn">
<arg>Alert Status: ${alert_result[0]}</arg>
<doc>Logs the given message to the console.</doc>
<status status="PASS" start="2025-09-06T21:18:14.572939" elapsed="0.021224"/>
</kw>
<kw name="Log To Console" owner="BuiltIn">
<arg>Alert Text: ${alert_result[1]}</arg>
<doc>Logs the given message to the console.</doc>
<status status="PASS" start="2025-09-06T21:18:14.611888" elapsed="0.006885"/>
</kw>
<kw name="Set Test Variable" owner="BuiltIn">
<msg time="2025-09-06T21:18:14.619362" level="INFO">${alert_result} = ('FAIL', 'Alert not found in 5 seconds.')</msg>
<arg>${alert_result}</arg>
<doc>Makes a variable available everywhere within the scope of the current test.</doc>
<status status="PASS" start="2025-09-06T21:18:14.619116" elapsed="0.000296"/>
</kw>
<if>
<branch type="IF" condition="'${alert_result[0]}' == 'PASS'">
<kw name="Set Variable" owner="BuiltIn">
<var>${ActualMessage}</var>
<arg>${alert_result[1]}</arg>
<doc>Returns the given values which can then be assigned to a variables.</doc>
<status status="NOT RUN" start="2025-09-06T21:18:14.637639" elapsed="0.000162"/>
</kw>
<status status="NOT RUN" start="2025-09-06T21:18:14.636273" elapsed="0.001891"/>
</branch>
<branch type="ELSE">
<kw name="Set Variable" owner="BuiltIn">
<msg time="2025-09-06T21:18:14.639173" level="INFO">${ActualMessage} = AlertNotFound</msg>
<var>${ActualMessage}</var>
<arg>AlertNotFound</arg>
<doc>Returns the given values which can then be assigned to a variables.</doc>
<status status="PASS" start="2025-09-06T21:18:14.638774" elapsed="0.000479"/>
</kw>
<kw name="Capture Page Screenshot" owner="SeleniumLibrary">
<msg time="2025-09-06T21:18:15.119198" level="INFO" html="true">&lt;/td&gt;&lt;/tr&gt;&lt;tr&gt;&lt;td colspan="3"&gt;&lt;a href="TC18_ApprovedProposal/Screenshots_AlertNotFound/10_AlertNotFound.png"&gt;&lt;img src="TC18_ApprovedProposal/Screenshots_AlertNotFound/10_AlertNotFound.png" width="800px"&gt;&lt;/a&gt;</msg>
<arg>TC18_ApprovedProposal/Screenshots_AlertNotFound/${i}_AlertNotFound.png</arg>
<doc>Takes a screenshot of the current page and embeds it into a log file.</doc>
<status status="PASS" start="2025-09-06T21:18:14.657316" elapsed="0.462150"/>
</kw>
<kw name="Run Keyword And Ignore Error" owner="BuiltIn">
<kw name="Click Element" owner="SeleniumLibrary">
<msg time="2025-09-06T21:18:15.208753" level="INFO">Clicking element '//a[contains(text(),'กลับไปหน้าแรก')]'.</msg>
<arg>//a[contains(text(),'กลับไปหน้าแรก')]</arg>
<doc>Click the element identified by ``locator``.</doc>
<status status="PASS" start="2025-09-06T21:18:15.208481" elapsed="1.645435"/>
</kw>
<arg>Click Element</arg>
<arg>//a[contains(text(),'กลับไปหน้าแรก')]</arg>
<doc>Runs the given keyword with the given arguments and ignores possible error.</doc>
<status status="PASS" start="2025-09-06T21:18:15.208058" elapsed="1.648205"/>
</kw>
<status status="PASS" start="2025-09-06T21:18:14.638480" elapsed="2.218043"/>
</branch>
<status status="PASS" start="2025-09-06T21:18:14.636184" elapsed="2.220510"/>
</if>
<kw name="Set Test Variable" owner="BuiltIn">
<msg time="2025-09-06T21:18:16.857584" level="INFO">${ActualMessage} = AlertNotFound</msg>
<arg>${ActualMessage}</arg>
<doc>Makes a variable available everywhere within the scope of the current test.</doc>
<status status="PASS" start="2025-09-06T21:18:16.856887" elapsed="0.000879"/>
</kw>
<kw name="Sleep" owner="BuiltIn">
<msg time="2025-09-06T21:18:18.863183" level="INFO">Slept 2 seconds.</msg>
<arg>2</arg>
<doc>Pauses the test executed for the given time.</doc>
<status status="PASS" start="2025-09-06T21:18:16.861778" elapsed="2.001627"/>
</kw>
<arg>${row}</arg>
<status status="PASS" start="2025-09-06T21:18:08.796433" elapsed="10.069941"/>
</kw>
<kw name="Validate And Write Result" owner="KeywordTC18_PreApprovalComment">
<kw name="Read Excel Cell" owner="ExcelLibrary">
<msg time="2025-09-06T21:18:18.867636" level="INFO">${ExpectedResult} = กรุณากรอกความคิดเห็นก่อนการอนุมัติ</msg>
<var>${ExpectedResult}</var>
<arg>${i}</arg>
<arg>4</arg>
<doc>Returns content of a cell.</doc>
<status status="PASS" start="2025-09-06T21:18:18.867340" elapsed="0.000331"/>
</kw>
<kw name="Evaluate" owner="BuiltIn">
<msg time="2025-09-06T21:18:18.870355" level="INFO">${ExpectedResult} = กรุณากรอกความคิดเห็นก่อนการอนุมัติ</msg>
<var>${ExpectedResult}</var>
<arg>'''${ExpectedResult}'''.strip()</arg>
<doc>Evaluates the given expression in Python and returns the result.</doc>
<status status="PASS" start="2025-09-06T21:18:18.869985" elapsed="0.000414"/>
</kw>
<kw name="Evaluate" owner="BuiltIn">
<msg time="2025-09-06T21:18:18.873655" level="INFO">${ActualMessage} = AlertNotFound</msg>
<var>${ActualMessage}</var>
<arg>'''${ActualMessage}'''.strip()</arg>
<doc>Evaluates the given expression in Python and returns the result.</doc>
<status status="PASS" start="2025-09-06T21:18:18.872853" elapsed="0.001023"/>
</kw>
<kw name="Log To Console" owner="BuiltIn">
<arg>Expected Result: ${ExpectedResult}</arg>
<doc>Logs the given message to the console.</doc>
<status status="PASS" start="2025-09-06T21:18:18.876407" elapsed="0.000515"/>
</kw>
<kw name="Log To Console" owner="BuiltIn">
<arg>Actual Message: ${ActualMessage}</arg>
<doc>Logs the given message to the console.</doc>
<status status="PASS" start="2025-09-06T21:18:18.877215" elapsed="0.000771"/>
</kw>
<kw name="Write Excel Cell" owner="ExcelLibrary">
<arg>${i}</arg>
<arg>6</arg>
<arg>${ActualMessage}</arg>
<doc>Writes value to the cell.</doc>
<status status="PASS" start="2025-09-06T21:18:18.878271" elapsed="0.000351"/>
</kw>
<kw name="Run Keyword And Return Status" owner="BuiltIn">
<kw name="Should Be Equal As Strings" owner="BuiltIn">
<msg time="2025-09-06T21:18:18.879404" level="FAIL">กรุณากรอกความคิดเห็นก่อนการอนุมัติ != AlertNotFound</msg>
<arg>${ExpectedResult}</arg>
<arg>${ActualMessage}</arg>
<doc>Fails if objects are unequal after converting them to strings.</doc>
<status status="FAIL" start="2025-09-06T21:18:18.879100" elapsed="0.000425">กรุณากรอกความคิดเห็นก่อนการอนุมัติ != AlertNotFound</status>
</kw>
<msg time="2025-09-06T21:18:18.882011" level="INFO">${compare_result} = False</msg>
<var>${compare_result}</var>
<arg>Should Be Equal As Strings</arg>
<arg>${ExpectedResult}</arg>
<arg>${ActualMessage}</arg>
<doc>Runs the given keyword with given arguments and returns the status as a Boolean value.</doc>
<status status="PASS" start="2025-09-06T21:18:18.878921" elapsed="0.003143"/>
</kw>
<if>
<branch type="IF" condition="${compare_result}">
<kw name="Write Excel Cell" owner="ExcelLibrary">
<arg>${i}</arg>
<arg>7</arg>
<arg>PASS</arg>
<doc>Writes value to the cell.</doc>
<status status="NOT RUN" start="2025-09-06T21:18:18.884562" elapsed="0.000072"/>
</kw>
<kw name="Capture Page Screenshot" owner="SeleniumLibrary">
<arg>TC18_ApprovedProposal/Screenshots_Pass/${i}_Pass.png</arg>
<doc>Takes a screenshot of the current page and embeds it into a log file.</doc>
<status status="NOT RUN" start="2025-09-06T21:18:18.884907" elapsed="0.000059"/>
</kw>
<status status="NOT RUN" start="2025-09-06T21:18:18.884254" elapsed="0.000899"/>
</branch>
<branch type="ELSE">
<kw name="Write Excel Cell" owner="ExcelLibrary">
<arg>${i}</arg>
<arg>7</arg>
<arg>FAIL</arg>
<doc>Writes value to the cell.</doc>
<status status="PASS" start="2025-09-06T21:18:18.885529" elapsed="0.000289"/>
</kw>
<kw name="Capture Page Screenshot" owner="SeleniumLibrary">
<msg time="2025-09-06T21:18:19.265961" level="INFO" html="true">&lt;/td&gt;&lt;/tr&gt;&lt;tr&gt;&lt;td colspan="3"&gt;&lt;a href="TC18_ApprovedProposal/Screenshots_Fail/10_Fail.png"&gt;&lt;img src="TC18_ApprovedProposal/Screenshots_Fail/10_Fail.png" width="800px"&gt;&lt;/a&gt;</msg>
<arg>TC18_ApprovedProposal/Screenshots_Fail/${i}_Fail.png</arg>
<doc>Takes a screenshot of the current page and embeds it into a log file.</doc>
<status status="PASS" start="2025-09-06T21:18:18.886133" elapsed="0.379991"/>
</kw>
<status status="PASS" start="2025-09-06T21:18:18.885312" elapsed="0.384421"/>
</branch>
<status status="PASS" start="2025-09-06T21:18:18.884214" elapsed="0.385797"/>
</if>
<kw name="Run Keyword" owner="BuiltIn">
<kw name="Write Suggestion Based On Comparison" owner="KeywordTC18_PreApprovalComment">
<kw name="Evaluate" owner="BuiltIn">
<msg time="2025-09-06T21:18:19.272892" level="INFO">${ExpectedResult} = กรุณากรอกความคิดเห็นก่อนการอนุมัติ</msg>
<var>${ExpectedResult}</var>
<arg>'''${ExpectedResult}'''.strip()</arg>
<doc>Evaluates the given expression in Python and returns the result.</doc>
<status status="PASS" start="2025-09-06T21:18:19.272159" elapsed="0.000824"/>
</kw>
<kw name="Evaluate" owner="BuiltIn">
<msg time="2025-09-06T21:18:19.277240" level="INFO">${ActualMessage} = AlertNotFound</msg>
<var>${ActualMessage}</var>
<arg>'''${ActualMessage}'''.strip()</arg>
<doc>Evaluates the given expression in Python and returns the result.</doc>
<status status="PASS" start="2025-09-06T21:18:19.276304" elapsed="0.001083"/>
</kw>
<kw name="Run Keyword And Return Status" owner="BuiltIn">
<kw name="Should Be Equal As Strings" owner="BuiltIn">
<msg time="2025-09-06T21:18:19.282191" level="FAIL">กรุณากรอกความคิดเห็นก่อนการอนุมัติ != AlertNotFound</msg>
<arg>${ExpectedResult}</arg>
<arg>${ActualMessage}</arg>
<doc>Fails if objects are unequal after converting them to strings.</doc>
<status status="FAIL" start="2025-09-06T21:18:19.281484" elapsed="0.000835">กรุณากรอกความคิดเห็นก่อนการอนุมัติ != AlertNotFound</status>
</kw>
<msg time="2025-09-06T21:18:19.285580" level="INFO">${is_match} = False</msg>
<var>${is_match}</var>
<arg>Should Be Equal As Strings</arg>
<arg>${ExpectedResult}</arg>
<arg>${ActualMessage}</arg>
<doc>Runs the given keyword with given arguments and returns the status as a Boolean value.</doc>
<status status="PASS" start="2025-09-06T21:18:19.281188" elapsed="0.004432"/>
</kw>
<kw name="Run Keyword If" owner="BuiltIn">
<kw name="Write Excel Cell" owner="ExcelLibrary">
<arg>${row}</arg>
<arg>10</arg>
<arg>ข้อความไม่ตรงตามที่คาดหวังไว้ ควรแก้ไขเป็น ${ExpectedResult}</arg>
<doc>Writes value to the cell.</doc>
<status status="PASS" start="2025-09-06T21:18:19.289319" elapsed="0.000312"/>
</kw>
<arg>${is_match}</arg>
<arg>Write Excel Cell</arg>
<arg>${row}</arg>
<arg>10</arg>
<arg>ข้อความแสดงผลถูกต้อง</arg>
<arg>ELSE</arg>
<arg>Write Excel Cell</arg>
<arg>${row}</arg>
<arg>10</arg>
<arg>ข้อความไม่ตรงตามที่คาดหวังไว้ ควรแก้ไขเป็น ${ExpectedResult}</arg>
<doc>Runs the given keyword with the given arguments, if ``condition`` is true.</doc>
<status status="PASS" start="2025-09-06T21:18:19.288952" elapsed="0.000862"/>
</kw>
<arg>${i}</arg>
<arg>${ExpectedResult}</arg>
<arg>${ActualMessage}</arg>
<status status="PASS" start="2025-09-06T21:18:19.270859" elapsed="0.019087"/>
</kw>
<arg>Write Suggestion Based On Comparison</arg>
<arg>${i}</arg>
<arg>${ExpectedResult}</arg>
<arg>${ActualMessage}</arg>
<doc>Executes the given keyword with the given arguments.</doc>
<status status="PASS" start="2025-09-06T21:18:19.270278" elapsed="0.019839"/>
</kw>
<arg>${row}</arg>
<status status="PASS" start="2025-09-06T21:18:18.866834" elapsed="0.423622"/>
</kw>
<kw name="Go To Logout" owner="KeywordTC18_PreApprovalComment">
<kw name="Click Element" owner="SeleniumLibrary">
<msg time="2025-09-06T21:18:19.291981" level="INFO">Clicking element '//a[contains(text(),'ออกจากระบบ')]'.</msg>
<arg>//a[contains(text(),'ออกจากระบบ')]</arg>
<doc>Click the element identified by ``locator``.</doc>
<status status="PASS" start="2025-09-06T21:18:19.291736" elapsed="1.078358"/>
</kw>
<kw name="Sleep" owner="BuiltIn">
<msg time="2025-09-06T21:18:21.381413" level="INFO">Slept 1 second.</msg>
<arg>1s</arg>
<doc>Pauses the test executed for the given time.</doc>
<status status="PASS" start="2025-09-06T21:18:20.380433" elapsed="1.001364"/>
</kw>
<status status="PASS" start="2025-09-06T21:18:19.291025" elapsed="2.095888"/>
</kw>
<arg>Setup Speed</arg>
<arg>AND</arg>
<arg>Login As Lecturer</arg>
<arg>AND</arg>
<arg>Go To Approved Proposal</arg>
<arg>${row}</arg>
<arg>AND</arg>
<arg>Fill Comment Form</arg>
<arg>${row}</arg>
<arg>AND</arg>
<arg>Click Approved Button</arg>
<arg>${row}</arg>
<arg>AND</arg>
<arg>Handle Submission Result</arg>
<arg>${row}</arg>
<arg>AND</arg>
<arg>Validate And Write Result</arg>
<arg>${row}</arg>
<arg>AND</arg>
<arg>Go To Logout</arg>
<doc>Executes all the given keywords in a sequence.</doc>
<status status="PASS" start="2025-09-06T21:17:59.016651" elapsed="22.370669"/>
</kw>
<arg>'${ALLOW}' == 'Y'</arg>
<arg>Run Keywords</arg>
<arg>Setup Speed</arg>
<arg>AND</arg>
<arg>Login As Lecturer</arg>
<arg>AND</arg>
<arg>Go To Approved Proposal</arg>
<arg>${row}</arg>
<arg>AND</arg>
<arg>Fill Comment Form</arg>
<arg>${row}</arg>
<arg>AND</arg>
<arg>Click Approved Button</arg>
<arg>${row}</arg>
<arg>AND</arg>
<arg>Handle Submission Result</arg>
<arg>${row}</arg>
<arg>AND</arg>
<arg>Validate And Write Result</arg>
<arg>${row}</arg>
<arg>AND</arg>
<arg>Go To Logout</arg>
<doc>Runs the given keyword with the given arguments, if ``condition`` is true.</doc>
<status status="PASS" start="2025-09-06T21:17:59.016243" elapsed="22.371407"/>
</kw>
<kw name="Run Keyword If" owner="BuiltIn">
<arg>'${ALLOW}' != 'Y'</arg>
<arg>Log To Console</arg>
<arg>Skipping row ${row} due to Allow = ${ALLOW}</arg>
<doc>Runs the given keyword with the given arguments, if ``condition`` is true.</doc>
<status status="PASS" start="2025-09-06T21:18:21.388125" elapsed="0.000743"/>
</kw>
<arg>${i}</arg>
<status status="PASS" start="2025-09-06T21:17:59.004650" elapsed="22.384485"/>
</kw>
<var name="${i}">10</var>
<status status="PASS" start="2025-09-06T21:17:59.004480" elapsed="22.385380"/>
</iter>
<var>${i}</var>
<value>2</value>
<value>${rows}+1</value>
<status status="PASS" start="2025-09-06T21:14:01.525699" elapsed="259.865756"/>
</for>
<kw name="Save Excel Document" owner="ExcelLibrary">
<arg>${datatable}</arg>
<doc>Saves the current document to disk.</doc>
<status status="PASS" start="2025-09-06T21:18:21.395709" elapsed="0.250153"/>
</kw>
<kw name="Close Browser" owner="SeleniumLibrary">
<doc>Closes the current browser.</doc>
<status status="PASS" start="2025-09-06T21:18:21.648797" elapsed="5.054132"/>
</kw>
<kw name="Close Current Excel Document" owner="ExcelLibrary">
<doc>Closes current document.</doc>
<status status="PASS" start="2025-09-06T21:18:26.703922" elapsed="0.001149"/>
</kw>
<doc>Test_18_Data_PreApprovalComment</doc>
<tag>PreApprovalComment</tag>
<status status="PASS" start="2025-09-06T21:13:50.819047" elapsed="275.891459"/>
</test>
<kw name="Disconnect From Database" owner="DatabaseLibrary" type="TEARDOWN">
<doc>Disconnects from the database.</doc>
<status status="PASS" start="2025-09-06T21:18:26.759647" elapsed="0.008872"/>
</kw>
<status status="PASS" start="2025-09-06T21:13:49.713018" elapsed="277.056056"/>
</suite>
<statistics>
<total>
<stat pass="1" fail="0" skip="0">All Tests</stat>
</total>
<tag>
<stat pass="1" fail="0" skip="0">PreApprovalComment</stat>
</tag>
<suite>
<stat pass="1" fail="0" skip="0" id="s1" name="TC18 Data PreApprovalComment">TC18 Data PreApprovalComment</stat>
</suite>
</statistics>
<errors>
<msg time="2025-09-06T21:13:50.705292" level="ERROR">Error in file 'C:\test2\it\Project_Test_AcademicService\TC18_ApprovedProposal\TC18_Data_PreApprovalComment.robot' on line 9: Setting 'Suite Setup' is not allowed in resource file.</msg>
<msg time="2025-09-06T21:13:50.706183" level="ERROR">Error in file 'C:\test2\it\Project_Test_AcademicService\TC18_ApprovedProposal\TC18_Data_PreApprovalComment.robot' on line 11: Setting 'Suite Teardown' is not allowed in resource file.</msg>
<msg time="2025-09-06T21:13:50.706354" level="ERROR">Error in file 'C:\test2\it\Project_Test_AcademicService\TC18_ApprovedProposal\TC18_Data_PreApprovalComment.robot' on line 12: Setting 'Task Setup' is not allowed in resource file.</msg>
<msg time="2025-09-06T21:13:50.707173" level="ERROR">Error in file 'C:\test2\it\Project_Test_AcademicService\TC18_ApprovedProposal\KeywordTC18_PreApprovalComment.robot' on line 3: Error in file 'C:\test2\it\Project_Test_AcademicService\TC18_ApprovedProposal\TC18_Data_PreApprovalComment.robot' on line 32: Resource file with 'Test Cases' section is invalid.</msg>
</errors>
</robot>
